C51 COMPILER V9.54   MAIN                                                                  08/08/2021 22:30:11 PAGE 1   


C51 COMPILER V9.54, COMPILATION OF MODULE MAIN
OBJECT MODULE PLACED IN .\Objects\main.obj
COMPILER INVOKED BY: D:\Keil\C51\BIN\C51.EXE main.c LARGE OPTIMIZE(8,SPEED) BROWSE INCDIR(..\IIC_OLED) DEBUG OBJECTEXTEN
                    -D PRINT(.\Listings\main.lst) TABS(2) OBJECT(.\Objects\main.obj)

line level    source

   1          #include "reg51.h"
   2          #include "iic_oled.h"
   3          
   4          #define u8 unsigned char 
   5          #define u16 unsigned int
   6          #define u32 unsigned long
   7            
   8          void main(void)
   9          {
  10   1        OLED_Init();//≥ı ºªØOLED
  11   1        OLED_Clear();//«Â∆¡ 
  12   1        while(1)
  13   1        {
  14   2          OLED_ShowChar(0, 0, 'a');
  15   2        };
  16   1      }
  17          


MODULE INFORMATION:   STATIC OVERLAYABLE
   CODE SIZE        =     16    ----
   CONSTANT SIZE    =   ----    ----
   XDATA SIZE       =   ----    ----
   PDATA SIZE       =   ----    ----
   DATA SIZE        =   ----    ----
   IDATA SIZE       =   ----    ----
   BIT SIZE         =   ----    ----
END OF MODULE INFORMATION.


C51 COMPILATION COMPLETE.  0 WARNING(S),  0 ERROR(S)
