C51 COMPILER V9.54   MAIN                                                                  07/23/2021 10:37:39 PAGE 1   


C51 COMPILER V9.54, COMPILATION OF MODULE MAIN
OBJECT MODULE PLACED IN .\Objects\main.obj
COMPILER INVOKED BY: D:\Keil\C51\BIN\C51.EXE main.c OPTIMIZE(8,SPEED) BROWSE DEBUG OBJECTEXTEND PRINT(.\Listings\main.ls
                    -t) TABS(2) OBJECT(.\Objects\main.obj)

line level    source

   1          #include <REGX52.H>
   2          #include "Delay.h"
   3          
   4          void UartInit(void)   //4800bps@12.000MHz
   5          {
   6   1        PCON |= 0x80;   //????????SMOD
   7   1        SCON = 0x50;    //8???,?????
   8   1        TMOD &= 0x0F;   //?????1???
   9   1        TMOD |= 0x20;   //?????1?8???????
  10   1        TL1 = 0xF3;   //??????
  11   1        TH1 = 0xF3;   //????????
  12   1        ET1 = 0;    //?????1??
  13   1        TR1 = 1;    //?????1
  14   1        EA = 1;
  15   1        ES = 1;
  16   1      }
  17          void Send(unsigned char Byte){
  18   1        SBUF = Byte;
  19   1        while(TI==0);
  20   1        TI=0;
  21   1      }
  22          void UART_Routine() interrupt 4
  23          {
  24   1        if(RI==1){
  25   2          P2=~SBUF;
  26   2          Send(SBUF);
  27   2          RI=0;
  28   2        }
  29   1      }
  30          main(){
  31   1        UartInit();
  32   1        while(1){
  33   2          
  34   2        }
  35   1      }


MODULE INFORMATION:   STATIC OVERLAYABLE
   CODE SIZE        =     71    ----
   CONSTANT SIZE    =   ----    ----
   XDATA SIZE       =   ----    ----
   PDATA SIZE       =   ----    ----
   DATA SIZE        =   ----    ----
   IDATA SIZE       =   ----    ----
   BIT SIZE         =   ----    ----
END OF MODULE INFORMATION.


C51 COMPILATION COMPLETE.  0 WARNING(S),  0 ERROR(S)
