2021-01-13 22:04:10 Merenguer: 你的会长上线了
2021-01-13 22:04:11 星期六的秦心: 老板检阅
2021-01-13 22:04:11 小智大智: 月书人
2021-01-13 22:04:13 或者也许如果说: 直接改名
2021-01-13 22:04:14 再见我的女神: 老赐名了
2021-01-13 22:04:14 锦之于匠: 好听
2021-01-13 22:04:17 三少的愁: 哈哈哈
2021-01-13 22:04:17 无际海域: 主公巡查
2021-01-13 22:04:17 whysmile: 会长在播
2021-01-13 22:04:17 火山爹: 这
2021-01-13 22:04:20 長空君: 老板查房
2021-01-13 22:04:21 樱桃水果糖: 哈哈哈哈
2021-01-13 22:04:22 朝阳给予的希望: 哈哈哈
2021-01-13 22:04:23 已婚欠我一个爱的啾啾: 好听
2021-01-13 22:04:24 不会吃麦片: 并没有聊天
2021-01-13 22:04:24 司空文化: 牛的
2021-01-13 22:04:25 一边凉快的妥鸟: 哈哈哈
2021-01-13 22:04:25 牛战士从不摘下面具: 发现个摸鱼的
2021-01-13 22:04:26 _贝多芬-: 吃瓜
2021-01-13 22:04:28 离V笙: 哈哈哈哈
2021-01-13 22:04:30 姜仲约: 道道子
2021-01-13 22:04:31 秋茗佳语: 老板来啦
2021-01-13 22:04:31 白鸢whitebird: 牛哒
2021-01-13 22:04:31 火山爹: 这
2021-01-13 22:04:31 芒芒芒芒芒芒果丶: 啊这
2021-01-13 22:04:32 ShengFan_Channel: 在 线 查 岗
2021-01-13 22:04:33 丶烛残: ？？？
2021-01-13 22:04:33 Y雨月Y: 妥会长在播
2021-01-13 22:04:34 信条自选: 主公小气
2021-01-13 22:04:34 三少的愁: 好家伙
2021-01-13 22:04:35 乱花吹时雨丶: 又吃瓜
2021-01-13 22:04:35 特仑苏の悲哀: ？？？
2021-01-13 22:04:35 悦書人: 阿这
2021-01-13 22:04:35 或者也许如果说: 冲业绩了
2021-01-13 22:04:35 锦之于匠: 老板小气
2021-01-13 22:04:36 WWZZDQ阿泽: 哈哈哈哈
2021-01-13 22:04:37 乌云吖乌云: 大气
2021-01-13 22:04:37 宫本松藏: 哇，冲KPI 了
2021-01-13 22:04:38 牛战士从不摘下面具: 来了！
2021-01-13 22:04:38 星期六的秦心: 小吃瓜~~~
2021-01-13 22:04:38 番禺大白吃: 公然摸鱼
2021-01-13 22:04:40 月咏海棠: 老板大气
2021-01-13 22:04:41 花岱桔: 小气
2021-01-13 22:04:41 司空文化: 老板小气
2021-01-13 22:04:41 今晚要早睡zZ: 大气
2021-01-13 22:04:41 一边凉快的妥鸟: 牛
2021-01-13 22:04:42 华农の兄弟: 道爷小气
2021-01-13 22:04:43 特仑苏の悲哀: 老板小气
2021-01-13 22:04:43 凌云灬: 吃瓜榜一
2021-01-13 22:04:44 道是河汉清且浅: 哇 这个专业啊
2021-01-13 22:04:44 司空文化保洁大妈: 发工资了
2021-01-13 22:04:44 又不带伢伢: 大气
2021-01-13 22:04:44 十六夜八幡: 老白嫖了
2021-01-13 22:04:45 三少的愁: 太小气了哈哈哈
2021-01-13 22:04:45 涒汦滼: 老小气了
2021-01-13 22:04:46 锦之于匠: 老板小气
2021-01-13 22:04:46 不会吃麦片: 业绩也要自己赚  还要自己花钱
2021-01-13 22:04:46 云珑儿: 牛的
2021-01-13 22:04:47 姜仲约: 他不叫老板，不行
2021-01-13 22:04:47 月下の雲樱: 小气
2021-01-13 22:04:48 YDaitu: 妥会长在播
2021-01-13 22:04:48 ぺ记忆攸伈: 大气
2021-01-13 22:04:49 兔子只喝奶茶呀: 上个舰（￣▽￣）
2021-01-13 22:04:49 无际海域: 主公小气
2021-01-13 22:04:55 舞者战士: 老板小气
2021-01-13 22:04:55 一边凉快的妥鸟: 路走宽了
2021-01-13 22:04:55 司空文化: 小气
2021-01-13 22:04:56 Merenguer: 老板小气
2021-01-13 22:04:56 乌云吖乌云: 榜一了
2021-01-13 22:04:57 开心百岁_: 哈哈哈哈 自己冲业绩
2021-01-13 22:05:00 乱花吹时雨丶: 冲业绩
2021-01-13 22:05:02 芋泥等猪归丶: 这不直接飞个小电视
2021-01-13 22:05:04 飞扬很Nice: 司空文化的id多少
2021-01-13 22:05:06 FDG芣苢: ..
2021-01-13 22:05:07 妳zm: 道爷小气
2021-01-13 22:05:08 焱仲R: 老板小气啊
2021-01-13 22:05:10 -请输入姓名-: 老板小气
2021-01-13 22:05:15 吃醋的弟弟: 1851
2021-01-13 22:05:15 MarshalIIII: 1851
2021-01-13 22:05:15 一边凉快的妥鸟: 卡了
2021-01-13 22:05:17 火山爹: 道爷回头能不能看下我私信
2021-01-13 22:05:17 我的宝马e46: 1851
2021-01-13 22:05:17 锦之于匠: ？？
2021-01-13 22:05:18 改啊改啊: 1851
2021-01-13 22:05:24 番禺大白吃: 三国群英传8
2021-01-13 22:05:25 不会吃麦片: 这叫  老板查岗
2021-01-13 22:05:25 長空君: 好卡
2021-01-13 22:05:26 Y雨月Y: 卡了！
2021-01-13 22:05:26 AL是条老咸鱼zzdrws: 老自冲业绩了
2021-01-13 22:05:27 昔宸-Joshua: 哈哈哈哈哈哈哈哈
2021-01-13 22:05:28 凌云灬: 你的网卡卡卡
2021-01-13 22:05:31 Merenguer: 开始钦定了
2021-01-13 22:05:33 妳zm: 超管干活
2021-01-13 22:05:33 萌萌噠的鸡蛋饼: 真黑屏直播
2021-01-13 22:05:35 BasaleRing: 果然签的都不是正常人
2021-01-13 22:05:36 骆漠霖雨: 卡了53分钟
2021-01-13 22:05:36 看本宝宝: 网瘾少年
2021-01-13 22:05:41 牛战士从不摘下面具: 黑屏直播 企业文化
2021-01-13 22:05:48 特仑苏の悲哀: 一个吃瓜换一个冰可乐
2021-01-13 22:05:51 陈杨得雪: 妖精在播
2021-01-13 22:05:54 一边凉快的妥鸟: 看来是你
2021-01-13 22:05:54 或者也许如果说: 内部互刷业绩
2021-01-13 22:05:57 萌萌噠的鸡蛋饼: 真黑屏●直播
2021-01-13 22:05:58 BasaleRing: 企业文化黑屏直播
2021-01-13 22:05:58 AL是条老咸鱼zzdrws: 你卡了
2021-01-13 22:06:00 长梦_yu: 换个线路
2021-01-13 22:06:00 乱花吹时雨丶: 看来是
2021-01-13 22:06:00 昔宸-Joshua: 哈哈哈哈哈哈哈哈哈
2021-01-13 22:06:02 whysmile: 你卡了
2021-01-13 22:06:03 进击の大老师: 老板查岗
2021-01-13 22:06:03 今晚要早睡zZ: 妖精老师
2021-01-13 22:06:04 娃hhhhh是娃哈哈: 手机直播界面是有什么活动吗
2021-01-13 22:06:04 御坂52035031: ？？？
2021-01-13 22:06:04 curry1022: 你卡了
2021-01-13 22:06:06 无际海域: 卡的竟是我自己
2021-01-13 22:06:07 追风的梧桐: 你卡了
2021-01-13 22:06:08 昔宸-Joshua: 企业文化
2021-01-13 22:06:09 十六夜八幡: 你卡了 
2021-01-13 22:06:10 FDG-无尽: 你卡
2021-01-13 22:06:13 不会吃麦片: 并不是
2021-01-13 22:06:14 芒芒芒芒芒芒果丶: 司空企业文化
2021-01-13 22:06:15 番禺大白吃: 你卡了
2021-01-13 22:06:16 虾咩时候才能6级呢: 我怎么突然自己发了个盗弹幕
2021-01-13 22:06:16 离V笙: 你卡
2021-01-13 22:06:20 御坂52035031: 什么鬼
2021-01-13 22:06:20 司空文化: 你网不行
2021-01-13 22:06:21 姜仲约: 你们公会卡了
2021-01-13 22:06:23 萌萌噠的鸡蛋饼: 企业文化
2021-01-13 22:06:24 一之濑丶千鹤: 企业文化笑死我了
2021-01-13 22:06:27 焦糖豆莎: 卡了
2021-01-13 22:06:28 花岱桔: 你被拉黑了
2021-01-13 22:06:30 Kismetdeasky: 你没卡
2021-01-13 22:06:30 瘦叉烧: 哈哈哈
2021-01-13 22:06:31 吃醋的弟弟: 企业文化
2021-01-13 22:06:32 AL是条老咸鱼zzdrws: 企业文化
2021-01-13 22:06:33 吃素的小初: 你卡了
2021-01-13 22:06:33 迷恋小熊猫i: 我入会了吗？怎么看
2021-01-13 22:06:34 火山爹: 一觉醒来卡的尽是我自己
2021-01-13 22:06:37 道是河汉清且浅: 公会卡了
2021-01-13 22:06:38 Kismetdeasky: 我没卡
2021-01-13 22:06:39 刹迦: 激活windows 瞩目
2021-01-13 22:06:41 瘦叉烧: 企业文化
2021-01-13 22:06:41 鸳鸯五珍脍24: 企业文化
2021-01-13 22:06:43 雨落star: 道爷有那么多主播吗
2021-01-13 22:06:43 到底是谁啊: 你们公会网不好
2021-01-13 22:06:50 妳zm: 超管干活
2021-01-13 22:06:51 无底sama: 小然然
2021-01-13 22:06:51 Y雨月Y: 逛B站不要开IPV6开了会卡
2021-01-13 22:06:52 锦之于匠: 吃瓜鼓励
2021-01-13 22:06:56 离V笙: 沐哥？
2021-01-13 22:06:57 焱仲R: 你们公会网络太差了
2021-01-13 22:06:58 舞者战士: 沐哥提督
2021-01-13 22:07:00 一边凉快的妥鸟: 牛的
2021-01-13 22:07:00 BasaleRing: 晚上好司空人可以的
2021-01-13 22:07:01 三少的愁: 提督沐妈妈
2021-01-13 22:07:04 或者也许如果说: 你居然知道  不是不玩了吗
2021-01-13 22:07:07 宫本松藏: 四个人物老六都没玩过
2021-01-13 22:07:08 西方枸杞: 你这公会怎么全是fdg108
2021-01-13 22:07:08 消哔愁哩: 啊这
2021-01-13 22:07:08 组队偷RTX2080Ti: 好家伙
2021-01-13 22:07:09 虾咩时候才能6级呢: 沐歌提督可以的
2021-01-13 22:07:09 追风的梧桐: 沐哥居然上了提督
2021-01-13 22:07:12 那姓昂油丶: 沐哥  提督
2021-01-13 22:07:13 Y雨月Y: 逛B站不要开IPV6开了会卡
2021-01-13 22:07:13 固拉多地球上投: 沐哥的提督
2021-01-13 22:07:14 五十块一近: 沐哥提督就离谱
2021-01-13 22:07:15 SaTenMikoto: 看大祥哥抽卡直播
2021-01-13 22:07:16 八孚Loo: 闷播公会
2021-01-13 22:07:16 ShengFan_Channel: 建议重启浏览器重载keepalive请求
2021-01-13 22:07:18 无名菌！: 沐哥是他提督
2021-01-13 22:07:21 消哔愁哩: 韩小沐？
2021-01-13 22:07:24 Merenguer: 有牧歌的提督？
2021-01-13 22:07:29 _贝多芬-: 沐哥提督，太牛了
2021-01-13 22:07:31 BasaleRing: 害怕
2021-01-13 22:07:34 苏沂禾: 额
2021-01-13 22:07:34 哈哈の嘿嘿嘿: 也太卡了
2021-01-13 22:07:37 森萝酱: 哈哈哈哈哈哈哈
2021-01-13 22:07:37 名叫羽洛的咸鱼: 怪可爱的。
2021-01-13 22:07:39 无端的湖: 企业文化
2021-01-13 22:07:40 牛战士从不摘下面具: 你们公司网不行啊
2021-01-13 22:07:40 瘦叉烧: ？？？？
2021-01-13 22:07:47 我在即墨看花灯: 你卡了
2021-01-13 22:07:47 番禺大白吃: 杨雪准备开奖了，五分之一的机会
2021-01-13 22:07:48 sang234: 4个卡三个就离谱
2021-01-13 22:07:48 瘦叉烧: 这么狠的吗？
2021-01-13 22:07:49 末小廿: 我听出来了！怪可爱的！！
2021-01-13 22:07:50 Y雨月Y: 你是不是开IPV6了
2021-01-13 22:07:50 焱仲R: 啊这
2021-01-13 22:07:55 御_坂美琴丶: 开摄像头
2021-01-13 22:07:57 三少的愁: 玩原神那个
2021-01-13 22:07:58 无端的湖: 他是沐哥的提督
2021-01-13 22:07:58 或者也许如果说: 你们公会被限流了 哈哈哈哈
2021-01-13 22:08:02 ZK-12345: 司空文化的网也太拉了吧
2021-01-13 22:08:09 Merenguer: 原神那个
2021-01-13 22:08:10 光光哲: 幻想的
2021-01-13 22:08:10 八孚Loo: 网卡公会
2021-01-13 22:08:11 沐光vajra: 道爷淘汰了
2021-01-13 22:08:11 不知名路人乙: 他是沐哥提督
2021-01-13 22:08:14 锦之于匠: ？？
2021-01-13 22:08:14 华农の兄弟: 六道抽奖没了
2021-01-13 22:08:15 晓葡萄: ？？？？？？？
2021-01-13 22:08:15 curry1022: 他是沐哥的提督
2021-01-13 22:08:17 薄暮凉: 道爷你没抽到
2021-01-13 22:08:17 FDG丶回锅肉: 卧槽
2021-01-13 22:08:18 一边凉快的妥鸟: 你们公会网不行啊
2021-01-13 22:08:18 三少的愁: 哈哈哈
2021-01-13 22:08:18 芋泥等猪归丶: 就是刚刚那个啊 你看画面右下角
2021-01-13 22:08:19 sang234: ？？？？
2021-01-13 22:08:20 云珑儿: 会限流了
2021-01-13 22:08:22 ShengFan_Channel: 建议打开ipv6
2021-01-13 22:08:22 凌云灬: 你的网卡卡卡
2021-01-13 22:08:23 姜仲约: 只有原神不卡
2021-01-13 22:08:24 佛我同在: 道道子被刷下来了
2021-01-13 22:08:25 小智大智: 道爷无了
2021-01-13 22:08:26 西方枸杞: 黑屏公会
2021-01-13 22:08:26 光光哲: 是他是沐哥的提督
2021-01-13 22:08:26 乱花吹时雨丶: 哈哈哈哈哈
2021-01-13 22:08:27 今晚要早睡zZ: 上当了
2021-01-13 22:08:27 绵花の飴: 公会被限流了
2021-01-13 22:08:29 MacAdamLeo: 二哥的制裁？？？
2021-01-13 22:08:30 火山爹: 专业黑屏
2021-01-13 22:08:30 丶亦宸先生: 道爷 你没中
2021-01-13 22:08:30 迷恋小熊猫i: 为什么查房我不说话
2021-01-13 22:08:31 小盛时节观落樱: 你没点播放
2021-01-13 22:08:31 命运与魔法与烧酒: ？
2021-01-13 22:08:32 到底是谁啊: 升级下你们公会的网吧
2021-01-13 22:08:34 curry1022: 司空被b站墙了？？？
2021-01-13 22:08:34 名叫羽洛的咸鱼: 被洗脑了吗？
2021-01-13 22:08:35 花岱桔: 公会倒闭了
2021-01-13 22:08:35 妳zm: 六道菜
2021-01-13 22:08:35 普尼奥: 道爷第一轮都没有熬过
2021-01-13 22:08:35 吃醋的弟弟: 有牌子是已婚的就离谱
2021-01-13 22:08:35 未闻菟名: 老六抽奖没了
2021-01-13 22:08:35 米哈游临时工H: 嗯？
2021-01-13 22:08:36 云珑儿: 公会不行啊
2021-01-13 22:08:36 宫本松藏: 学到精髓了
2021-01-13 22:08:37 汽水H2O: 等我半年加入
2021-01-13 22:08:38 橙汁不会醉: 道爷你第一轮就没了
2021-01-13 22:08:38 大鱼雷: 看来是你卡了
2021-01-13 22:08:38 白夜晓: 你的网好卡
2021-01-13 22:08:39 Mr小羊: 黑屏直播
2021-01-13 22:08:40 改啊改啊: 网卡工会
2021-01-13 22:08:41 Alice英梨梨: 你卡了
2021-01-13 22:08:41 番禺大白吃: 团子给你内定了奖品
2021-01-13 22:08:43 华农の兄弟: 没中奖，上当了
2021-01-13 22:08:44 一之濑丶千鹤: 司空被冲了
2021-01-13 22:08:45 南宫狂拽: 道爷你被淘汰了团子那边
2021-01-13 22:08:46 吃西红柿沾番茄酱: 工会限流?
2021-01-13 22:08:47 小小鸡仔儿: 亏了
2021-01-13 22:08:47 改啊改啊: 工会不行呀
2021-01-13 22:08:49 sang234: 就离谱
2021-01-13 22:08:49 不知名路人乙: 怪猎
2021-01-13 22:08:52 改啊改啊: 卡穿
2021-01-13 22:08:52 星耀七: 老六你第一轮就没了
2021-01-13 22:08:53 Merenguer: 笑死
2021-01-13 22:08:56 长夜琉璃灯: 你们公司把B站ban了？
2021-01-13 22:08:58 狸角七: 2333
2021-01-13 22:09:02 天地霸主之雪花你好骚: 出现了，新游戏
2021-01-13 22:09:02 Merenguer: 真就企业文化
2021-01-13 22:09:03 長空君: 熟练操虫棍
2021-01-13 22:09:05 MacAdamLeo: 视角姬影视基地的制裁
2021-01-13 22:09:07 朝阳给予的希望: 辛勤的游戏主播
2021-01-13 22:09:07 电瓶车漂移过弯: 被视角姬限流了
2021-01-13 22:09:08 追风的梧桐: 操虫棍没牌面
2021-01-13 22:09:13 姜仲约: 你的公会被限流了
2021-01-13 22:09:20 苍天猎狐: 换网吧 给视角姬打电话
2021-01-13 22:09:23 凌云灬: 走地棍
2021-01-13 22:09:23 一边凉快的妥鸟: 哈哈
2021-01-13 22:09:28 三少的愁: 哈哈哈
2021-01-13 22:09:28 台风法修: 我竟然跟道爷再一页
2021-01-13 22:09:29 一直大兔兔T_T: 切线路
2021-01-13 22:09:31 Watte_Chen: 你这网速实数不行
2021-01-13 22:09:34 吃西红柿沾番茄酱: 工会限流了？
2021-01-13 22:09:35 台风法修: 看到自己了
2021-01-13 22:09:40 gggg哥哥哥哥哥哥哥哥: 哈哈哈哈
2021-01-13 22:09:40 骑兵的佩玉: 嗯~？！
2021-01-13 22:09:41 骑北极熊的企鹅: ？？？
2021-01-13 22:09:41 改啊改啊: 冲了四角鸡
2021-01-13 22:09:42 华农の兄弟: 黑幕直播
2021-01-13 22:09:42 一声剑来不负卿: 网速太差了
2021-01-13 22:09:43 燃烧的猪: 道爷在查房？
2021-01-13 22:09:44 三少的愁: 属实拉夸
2021-01-13 22:09:44 追逐繁星的天阑: 黑屏公会哈哈哈哈哈
2021-01-13 22:09:44 五善無形: 你换清晰度试试呢
2021-01-13 22:09:44 吃西红柿沾番茄酱: 问一下B站
2021-01-13 22:09:46 糯米一直爱着桑桑: 晚上好
2021-01-13 22:09:49 放弃后的悲伤: 哈哈哈哈
2021-01-13 22:09:49 凌云灬: 拉垮
2021-01-13 22:09:51 离V笙: 你网也太拉了
2021-01-13 22:09:51 whysmile: 你被二哥限流了？
2021-01-13 22:09:53 无名菌！: 可以开个官号然后把它们都一关注
2021-01-13 22:09:54 FDG迪欧墶: 妖精啊  制裁你了 
2021-01-13 22:09:55 道韵在身: 明天就能打牌了！
2021-01-13 22:09:56 迷恋小熊猫i: 哈哈
2021-01-13 22:10:01 黑色候鸟: 拉跨
2021-01-13 22:10:04 宫本松藏: 黑心房东限网速
2021-01-13 22:10:06 司空文化: 让视二哥拉几条光纤过来
2021-01-13 22:10:08 吃素的小初: 视角姬限流可还行
2021-01-13 22:10:09 PandaV555: 你被sjj制裁了
2021-01-13 22:10:14 云珑儿: 弄个公会官号
2021-01-13 22:10:14 焱仲R: 还有一个小时五十分钟就能打牌了！
2021-01-13 22:10:14 上帝用左手Sn: 小主播，都没有清晰度可选的
2021-01-13 22:10:14 改啊改啊: 一步一步踢你出去
2021-01-13 22:10:16 BasaleRing: 明天公会一起打牌？
2021-01-13 22:10:16 奇妙鸽: 去和房东提意见啊
2021-01-13 22:10:18 _贝多芬-: 开个小号关注
2021-01-13 22:10:20 Y雨月Y: 逛B站不要开IPV6开了会卡，和客服确认过了
2021-01-13 22:10:26 洗海城: 道爷，这周有新视频吗？
2021-01-13 22:10:26 粗糙小然然: 好家伙
2021-01-13 22:10:29 猫小膺Owl: 你卡
2021-01-13 22:10:30 天地霸主之雪花你好骚: 妥妥也卡住了
2021-01-13 22:10:30 晓葡萄: 哈哈哈哈哈哈哈哈哈哈哈哈哈
2021-01-13 22:10:31 白鸢whitebird: 牛哒
2021-01-13 22:10:31 维尔莱特: 牛的
2021-01-13 22:10:34 三少的愁: 哈哈哈
2021-01-13 22:10:35 吃素的小初: 牛的
2021-01-13 22:10:36 BasaleRing: 你被限流了
2021-01-13 22:10:37 番禺大白吃: 你卡了
2021-01-13 22:10:37 FDG-108: 哈哈哈哈
2021-01-13 22:10:37 锦之于匠: 你网太差了
2021-01-13 22:10:37 优ぃ海尔赛兹: 怕不是中了醋醋的翻车加成
2021-01-13 22:10:37 芒芒芒芒芒芒果丶: 哈哈哈哈哈
2021-01-13 22:10:37 sang234: 哈哈哈哈哈
2021-01-13 22:10:38 雷电法王233poiu: 哈哈哈哈哈
2021-01-13 22:10:38 六百万-接班人: 哈哈哈哈
2021-01-13 22:10:38 小智大智: 你网络不行
2021-01-13 22:10:38 小小鸡仔儿: 哈哈哈哈哈
2021-01-13 22:10:39 迷恋小熊猫i: 六道哥哥查房我为什么黑听→_→
2021-01-13 22:10:39 华农の兄弟: 1w
2021-01-13 22:10:39 信条自选: 哈哈哈哈
2021-01-13 22:10:40 道韵在身: 嗯？
2021-01-13 22:10:40 bili_58494372119: 每日tutuane
2021-01-13 22:10:41 黄昏亅: 嗯？
2021-01-13 22:10:41 风林-_-: 哈哈哈哈哈
2021-01-13 22:10:42 吃素的小初: 限流了
2021-01-13 22:10:42 道萍妥漠果哝沐醋伢: 哈哈哈哈哈哈
2021-01-13 22:10:42 陈杨得雪: 哈哈哈哈哈哈
2021-01-13 22:10:42 夜昳w: 牛的
2021-01-13 22:10:42 粗糙小然然: 被查房了
2021-01-13 22:10:42 Toridorii: ？？？？
2021-01-13 22:10:42 华农の兄弟: 视角姬
2021-01-13 22:10:42 枫影no依蓝: 哈哈哈
2021-01-13 22:10:43 長空君: 哈哈哈哈……不让你看
2021-01-13 22:10:43 司空文化: 哈哈
2021-01-13 22:10:43 涒汦滼: 是你有问题
2021-01-13 22:10:43 BasaleRing: 直播姬来看看
2021-01-13 22:10:44 Alice英梨梨: 你的网被视角姬限流了
2021-01-13 22:10:44 晓葡萄: 果然是你网卡
2021-01-13 22:10:45 大鱼雷: 哈哈哈
2021-01-13 22:10:45 _贝多芬-: 果然你的问题
2021-01-13 22:10:46 curry1022: 看来你的问题
2021-01-13 22:10:46 一片小方块: 哈哈哈哈
2021-01-13 22:10:47 檸崽: 你这网不行啊
2021-01-13 22:10:47 开心百岁_: 哈哈哈哈
2021-01-13 22:10:47 长梦_yu: 的的确确是你的问题，道爷
2021-01-13 22:10:47 谜语不迷: ？嗯
2021-01-13 22:10:47 朝阳给予的希望: 哈哈哈哈
2021-01-13 22:10:48 BasaleRing: 素材有了
2021-01-13 22:10:48 六道轮回丶是个棒槌: 二哥
2021-01-13 22:10:48 三少的愁: 太拉胯了
2021-01-13 22:10:48 whysmile: 黑心房东限网速
2021-01-13 22:10:49 姜仲约: 少爷也在
2021-01-13 22:10:49 刻晴真好看: 嗯？
2021-01-13 22:10:49 遮莫更长无夜: 卡比竟是我自己
2021-01-13 22:10:49 橙汁不会醉: 道爷是你自己的问题呀
2021-01-13 22:10:49 勤奋的JinSir: 换个线路试试
2021-01-13 22:10:50 hei希嘿: 翻车
2021-01-13 22:10:50 火山爹: 太惨了哈哈哈哈哈哈
2021-01-13 22:10:50 FDG灰光: 哈哈哈哈哈哈
2021-01-13 22:10:50 游客用户2333: 你被限速了
2021-01-13 22:10:51 红颜无罪丶只是太美: 哈哈哈哈
2021-01-13 22:10:51 Watte_Chen: 拉胯
2021-01-13 22:10:51 小智大智: 你有问题
2021-01-13 22:10:52 改啊改啊: 啊这
2021-01-13 22:10:52 米哈游临时工H: 哈哈哈哈哈哈
2021-01-13 22:10:52 虾咩时候才能6级呢: 给你限速了
2021-01-13 22:10:52 長空君: 你被限流了
2021-01-13 22:10:52 cinyue: 你的电脑有问题
2021-01-13 22:10:52 FDG-无尽: 哈哈哈哈哈哈哈哈哈哈哈哈哈破网
2021-01-13 22:10:52 云珑儿: 辣鸡
2021-01-13 22:10:53 乱花吹时雨丶: 哈哈哈哈哈哈哈哈哈哈哈哈
2021-01-13 22:10:53 道韵在身: 不让你看
2021-01-13 22:10:53 锦之于匠: 下个月房租不给了
2021-01-13 22:10:54 开心百岁_: 你的问题
2021-01-13 22:10:54 司空文化: 被限制网速了
2021-01-13 22:10:55 焦糖豆莎: 网真不行
2021-01-13 22:10:55 YDaitu: 重启一下浏览器
2021-01-13 22:10:55 Toridorii: 被制裁了
2021-01-13 22:10:55 固拉多地球上投: 你这网太差了
2021-01-13 22:10:55 Alina丿: 被视角姬远程断了
2021-01-13 22:10:56 魔法少女の伊莉雅: 老六也是
2021-01-13 22:10:57 道韵在身: 直接黑屏
2021-01-13 22:10:58 改啊改啊: 召唤四角鸡
2021-01-13 22:10:58 华农の兄弟: 是你的问题
2021-01-13 22:10:58 小智大智: 你有问题
2021-01-13 22:10:59 过眼云烟_soso: 你有问题
2021-01-13 22:10:59 焱仲R: 设置有问题
2021-01-13 22:10:59 不知名路人乙: 你被限速了
2021-01-13 22:11:00 堇Tom: 黑心网管限速
2021-01-13 22:11:01 方小强: 妥会长那也卡
2021-01-13 22:11:01 或者也许如果说: 少爷在抢你的网
2021-01-13 22:11:02 苍天猎狐: 房东视角姬你不是人，限网速
2021-01-13 22:11:02 无际海域: 卡的竟是我自己
2021-01-13 22:11:02 进击の大老师: 笑死我了
2021-01-13 22:11:03 咖喱不在没事勿扰: 不是，怎么你一直卡？
2021-01-13 22:11:03 燃烧的猪: 房东把你网断了？
2021-01-13 22:11:03 遥望之心: 醋醋是不是今天来影视基地了
2021-01-13 22:11:04 放弃后的悲伤: 哈哈哈哈
2021-01-13 22:11:05 拉格尼亚: 晚上好！
2021-01-13 22:11:06 迦勒底-南宫圆周率: 我卡了
2021-01-13 22:11:06 月下の雲樱: 你被限流了
2021-01-13 22:11:06 lyminghao: 被限速了
2021-01-13 22:11:06 lmk7: 你的问题。我试过看的了他们
2021-01-13 22:11:06 骑北极熊的企鹅: 哈哈哈，妥妥那边也打不开
2021-01-13 22:11:07 入夜不杀生: 房租减半吧
2021-01-13 22:11:08 一片小方块: 限速了
2021-01-13 22:11:09 走不快的永夜: （￣▽￣）
2021-01-13 22:11:10 Alina丿: 浏览器重开
2021-01-13 22:11:11 顾平城: (｀・ω・´)(=・ω・=)
2021-01-13 22:11:12 -汉水-: 看来是司空文化被冲了
2021-01-13 22:11:15 千本_: 有点怪
2021-01-13 22:11:19 玻哟君: 黑心网管
2021-01-13 22:11:19 消哔愁哩: 杨雪老师，这不得辱一波团
2021-01-13 22:11:21 Seohuyn木瓜茶: 咋跟妥妥一样
2021-01-13 22:11:21 入夜不杀生: 那就是你被踢了
2021-01-13 22:11:21 黑色候鸟: 重开浏览器把
2021-01-13 22:11:22 飞扬很Nice: 包租婆，怎么突然没网了呢
2021-01-13 22:11:23 谜语不迷: 黑心网管
2021-01-13 22:11:26 货啦啦啦不啦啦布啦多: 网络问题
2021-01-13 22:11:26 未未wewe: 网不好
2021-01-13 22:11:27 十六夜八幡: rnm，退钱
2021-01-13 22:11:28 清風_飛揚: 正常
2021-01-13 22:11:28 Arthurwongg: 换个电脑吧
2021-01-13 22:11:29 YIN H: 我看你的 也卡卡的
2021-01-13 22:11:30 悦書人: 哈哈哈
2021-01-13 22:11:30 三少的愁: 司空文化的网太拉胯了
2021-01-13 22:11:33 谢惟象: 啊b出问题，垃圾
2021-01-13 22:11:37 玻哟君: 密码正确
2021-01-13 22:11:41 走不快的永夜: （￣▽￣）
2021-01-13 22:11:43 赳赳秦风: 司空文化拉胯
2021-01-13 22:11:45 喵咛大大: B站的问题
2021-01-13 22:11:45 大鱼雷: b站服务器不行
2021-01-13 22:11:46 清風_飛揚: ？？？？？
2021-01-13 22:11:49 牧童騎青牛: 妥妥也打不开，拉跨兄妹
2021-01-13 22:11:52 乱花吹时雨丶: ？
2021-01-13 22:11:52 雪霞莹叶: ？？？
2021-01-13 22:11:53 吃素的小初: 小460集合
2021-01-13 22:11:54 道道子的雪乃酱: ？？？？？？
2021-01-13 22:11:54 K1ssMeMaybe: 曲曲曲曲曲
2021-01-13 22:11:54 最近肝好疼啊: 啊b不行啊
2021-01-13 22:11:56 whysmile: ？？？
2021-01-13 22:11:57 清風_飛揚: 曲哥的歌声？
2021-01-13 22:11:59 WWZZDQ阿泽: ？？
2021-01-13 22:12:00 bridge_MTR: ん?
2021-01-13 22:12:00 富有幻想: ？？？？
2021-01-13 22:12:01 司空文化: ？
2021-01-13 22:12:01 三少的愁: 好家伙，把熊卡看成杨雪老师
2021-01-13 22:12:01 无际海域: 只有司空人不行
2021-01-13 22:12:05 FDG平川公主: 曲哥
2021-01-13 22:12:08 等闲麦蘑菇: 嗯？
2021-01-13 22:12:10 道韵在身: 好起来了
2021-01-13 22:12:11 道道子的雪乃酱: ？？？？
2021-01-13 22:12:12 WWZZDQ阿泽: ？？
2021-01-13 22:12:15 YDaitu: 周边你又不要
2021-01-13 22:12:15 Alina丿: 没你
2021-01-13 22:12:15 妳zm: 你没了
2021-01-13 22:12:16 清風_飛揚: 少爷小气
2021-01-13 22:12:18 冰凌喵MAO: 视角姬小气
2021-01-13 22:12:18 呆萌的小兔子: 这不给杨雪老师上个舰
2021-01-13 22:12:19 道韵在身: 周边
2021-01-13 22:12:21 道道子的雪乃酱: 还是刚刚那个
2021-01-13 22:12:21 憨憨核桃包: 团子，生日快乐
2021-01-13 22:12:22 一起水吧: 司空不行
2021-01-13 22:12:22 和平桥乡: 右边个妹子也好好看
2021-01-13 22:12:23 穹之祈: 没有你
2021-01-13 22:12:23 番禺大白吃: 她还没定抽啥
2021-01-13 22:12:23 Alina丿: 你第一轮就没了
2021-01-13 22:12:26 curry1022: sjj小气
2021-01-13 22:12:28 FDG灰光: 你没了
2021-01-13 22:12:29 吃素的小初: 这不上个舰长？
2021-01-13 22:12:29 cupid50: 道爷在线选妃
2021-01-13 22:12:29 焱仲R: 周边，台历了啥的
2021-01-13 22:12:29 呆萌的小兔子: 抽周边
2021-01-13 22:12:30 锦之于匠: 拉垮
2021-01-13 22:12:32 晓葡萄: 没有
2021-01-13 22:12:33 道韵在身: 生日不上个舰长
2021-01-13 22:12:34 三少的愁: 上过了
2021-01-13 22:12:36 枫醉叶: 不给杨雪老师上个舰长么
2021-01-13 22:12:36 无名菌！: 老六公会开个官号都一关注就可以查房了
2021-01-13 22:12:39 FDG灰光: 确实
2021-01-13 22:12:40 已婚欠我一个爱的啾啾: 正经人，整什么活
2021-01-13 22:12:41 whysmile: 毕竟是正常人
2021-01-13 22:12:42 星期六的秦心: 奖励舰长  老六第一轮就没了
2021-01-13 22:12:42 小小鸡仔儿: 《正常人》
2021-01-13 22:12:42 Rowell: 已经上了
2021-01-13 22:12:44 光光哲: 他有舰长吧
2021-01-13 22:12:44 贰是柒: 那是爱豆
2021-01-13 22:12:44 锦之于匠: 杨雪老师是个正常人
2021-01-13 22:12:45 辅助萌妹: 太正常了
2021-01-13 22:12:45 小羽小语: 正常人
2021-01-13 22:12:46 橙汁不会醉: 道爷杨雪老师说会给你黑莓的
2021-01-13 22:12:46 呆萌的小兔子: 你给她安排上啊
2021-01-13 22:12:48 源濑氏佐兲: 就像一个正常人
2021-01-13 22:12:49 他喵的我改不了昵称: 快辱一波团
2021-01-13 22:12:49 六百万-接班人: 看看人家
2021-01-13 22:12:50 冰凌喵MAO: 不上
2021-01-13 22:12:51 可不可以晚一点: 不是上过了么
2021-01-13 22:12:52 黑色候鸟: 再去看看工会那几个没看到的
2021-01-13 22:12:53 橙汁不会醉: 黑幕的
2021-01-13 22:12:54 Tai丶天真: 杨雪老师是个正常人
2021-01-13 22:12:54 米哈游临时工H: 正常人
2021-01-13 22:12:56 道萍妥漠果哝沐醋伢: 正常人
2021-01-13 22:12:56 M莫小灰: 给杨老师来个提督
2021-01-13 22:13:00 追风的梧桐: 你明天有投稿吗六爷
2021-01-13 22:13:02 云珑儿: 妥会长都已经开始查房了，果然尽职
2021-01-13 22:13:03 一片小方块: 正常人
2021-01-13 22:13:04 朔丨言: 以后查房是不是可以内部消化了
2021-01-13 22:13:08 三少的愁: 正常人不要
2021-01-13 22:13:09 ShengFan_Channel: 建议尝试换浏览器，edge的ws有bug
2021-01-13 22:13:11 源濑氏佐兲: 正常人没意思
2021-01-13 22:13:11 晓葡萄: 道爷早就给杨雪上了舰长了
2021-01-13 22:13:18 迷恋小熊猫i: 六道哥哥，不来支持下弟弟我嘛
2021-01-13 22:13:22 龘渊: 老板大气
2021-01-13 22:13:22 长梦_yu: 工会有哪些人啊，没事可以去支持支持
2021-01-13 22:13:24 虚空警告: 妥子哥查房了 你可以看妥子哥这样是你等于
2021-01-13 22:13:27 檸崽: 老板大气
2021-01-13 22:13:27 南酱长不高: 妥鸟正在看女主播
2021-01-13 22:13:28 忧仙影: 老板大气
2021-01-13 22:13:29 虚空警告: 间接查了
2021-01-13 22:13:30 一片小方块: 老板大气
2021-01-13 22:13:36 K1ssMeMaybe: 正常人谁看正常人啊
2021-01-13 22:13:43 芒芒芒芒芒芒果丶: 我聋了
2021-01-13 22:13:44 ruvikzw: 老板大气
2021-01-13 22:13:51 道韵在身: 这就是原神工会吗
2021-01-13 22:13:54 可不可以晚一点: 妥鸟看女主播道爷看男主播
2021-01-13 22:13:56 一颗炉石: _(:3」∠)_
2021-01-13 22:14:05 牧童騎青牛: 妥妥在找女主播
2021-01-13 22:14:06 清風_飛揚: B站第一原神工会
2021-01-13 22:14:07 玖玥nine: 有热度啊
2021-01-13 22:14:08 K1ssMeMaybe: ？
2021-01-13 22:14:09 他喵的我改不了昵称: 主要免费
2021-01-13 22:14:09 堕落雨凇根: 好玩
2021-01-13 22:14:11 curry1022: 原神昨天新池子，大火
2021-01-13 22:14:11 宫本松藏: 他不是好不好玩的问题
2021-01-13 22:14:12 江湖骗子温迪: 6道的呼吸声为什么这么重？是粉丝福利吗？
2021-01-13 22:14:14 门太: 昨天播了两个半小时
2021-01-13 22:14:14 道韵在身: 你不是都上瘾卸载了吗
2021-01-13 22:14:15 blue233333: 好玩
2021-01-13 22:14:16 一边凉快的妥鸟: 还好
2021-01-13 22:14:16 清風_飛揚: ？？？？
2021-01-13 22:14:17 无事就睡: 不好玩
2021-01-13 22:14:17 秋茗佳语: 好主播
2021-01-13 22:14:23 要减肥要賺钱的小猪: ？
2021-01-13 22:14:23 司空见惯不怪: 好玩，可以的
2021-01-13 22:14:23 宫本松藏: 劳模就一个吃瓜？
2021-01-13 22:14:24 布羽x: ？
2021-01-13 22:14:25 朋友的竹鼠: 我玩原神会晕，想吐
2021-01-13 22:14:25 锦之于匠: 全员吃瓜
2021-01-13 22:14:25 米哈游临时工H: 好玩
2021-01-13 22:14:25 等闲麦蘑菇: 你不是为了防止沉迷那个游戏而不玩？
2021-01-13 22:14:25 善良纯洁小蘑菇: 他不是好不好玩的问题
2021-01-13 22:14:26 秋茗佳语: 看个人
2021-01-13 22:14:28 道道子的雪乃酱: 好玩
2021-01-13 22:14:29 乱花吹时雨丶: 还可以
2021-01-13 22:14:29 开心百岁_: 不知道
2021-01-13 22:14:29 hei希嘿: 《大气》
2021-01-13 22:14:32 姜仲约: 椰羊好玩
2021-01-13 22:14:35 妳zm: 小气
2021-01-13 22:14:35 舞者战士: 劳模
2021-01-13 22:14:36 妥圆: 哎哟你还知道
2021-01-13 22:14:36 wo5555: 元素流不错
2021-01-13 22:14:36 朋友的竹鼠: 其他游戏就正常
2021-01-13 22:14:36 单推六花の鹿乃饭: 一般 但妹子真好看
2021-01-13 22:14:37 司空见惯不怪: 好玩
2021-01-13 22:14:40 锦之于匠: ？？？
2021-01-13 22:14:40 乌云吖乌云: 大气
2021-01-13 22:14:40 涒汦滼: ？？？
2021-01-13 22:14:40 白鸢whitebird: 哈哈哈哈哈
2021-01-13 22:14:41 小小很不小: 疯了，老六
2021-01-13 22:14:41 再见我的女神: 土拨鼠
2021-01-13 22:14:42 三少的愁: 哈哈哈
2021-01-13 22:14:43 pm泡面: 密码正确
2021-01-13 22:14:43 番禺大白吃: ？？？
2021-01-13 22:14:43 源濑氏佐兲: 小气
2021-01-13 22:14:43 雷电法王233poiu: 好家伙，跟杨雪老师一个待遇
2021-01-13 22:14:43 道韵在身: 这是酒馆战棋
2021-01-13 22:14:44 丶烛残: ？？？？
2021-01-13 22:14:44 六百万-接班人: 哈哈哈哈哈
2021-01-13 22:14:44 伢伢gagaka: ？？？？？
2021-01-13 22:14:45 视角稽: 哈哈哈哈哈哈哈哈哈
2021-01-13 22:14:45 黑水WingM: ？？？？？？？？
2021-01-13 22:14:45 可不可以晚一点: ？？？？？？
2021-01-13 22:14:45 华农の兄弟: 大气
2021-01-13 22:14:45 或者也许如果说: 疯狂冲kpi
2021-01-13 22:14:46 黑水WingM: ？？？？？
2021-01-13 22:14:46 忧仙影: 大气
2021-01-13 22:14:47 锦之于匠: ？？？
2021-01-13 22:14:47 小小很不小: 憨憨
2021-01-13 22:14:47 货啦啦啦不啦啦布啦多: 六道小气
2021-01-13 22:14:47 康娜的斧子: 土拨鼠
2021-01-13 22:14:47 小智大智: ？？？
2021-01-13 22:14:48 sureface: ？
2021-01-13 22:14:48 黑水WingM: ？？？？？？
2021-01-13 22:14:48 一边凉快的妥鸟: 疯了
2021-01-13 22:14:48 月下の雲樱: 哈哈哈哈哈
2021-01-13 22:14:48 Tao-初见: 土拨鼠叫
2021-01-13 22:14:49 黑水WingM: ？？？？
2021-01-13 22:14:49 青春在春天老去: ？？？
2021-01-13 22:14:50 葉先生i: ？？？
2021-01-13 22:14:50 今晚要早睡zZ: ？？？？
2021-01-13 22:14:51 道道子的雪乃酱: 哈哈哈哈哈哈
2021-01-13 22:14:51 黑水WingM: ？？？
2021-01-13 22:14:51 ぺ记忆攸伈: ？？？？
2021-01-13 22:14:52 司空文化: 哈哈哈
2021-01-13 22:14:52 道韵在身: ？？？
2021-01-13 22:14:53 吃醋的弟弟: ？？？？
2021-01-13 22:14:53 Torontototo: 哈哈哈哈哈哈哈哈哈哈
2021-01-13 22:14:54 三少的愁: 好家伙
2021-01-13 22:14:54 信条自选: ？？？？？？
2021-01-13 22:14:54 锦之于匠: 发病了
2021-01-13 22:14:54 FDG馕包肉: 这人怎么了
2021-01-13 22:14:54 乱花吹时雨丶: 哈哈哈哈哈
2021-01-13 22:14:54 长梦_yu: 小气的骏马
2021-01-13 22:14:55 吃素的小初: ？？？？？
2021-01-13 22:14:55 妥圆: 密码正确
2021-01-13 22:14:55 骑兵的佩玉: 道老师别这样道老师
2021-01-13 22:14:56 FDG-无尽: 大气
2021-01-13 22:14:56 米哈游临时工H: ？？？？？
2021-01-13 22:14:57 视角稽: 土拨鼠的咆哮
2021-01-13 22:14:57 WWZZDQ阿泽: 你？？
2021-01-13 22:14:57 艰难玉汝成: ？？？？？？
2021-01-13 22:14:57 康娜的斧子: 土拨鼠叫
2021-01-13 22:14:57 雷电法王233poiu: ？？？
2021-01-13 22:14:58 朝阳给予的希望: ？？？
2021-01-13 22:14:58 清風_飛揚: 整活员工
2021-01-13 22:14:58 黑色候鸟: 血赚
2021-01-13 22:14:58 晓葡萄: 疯了
2021-01-13 22:14:58 堕落雨凇根: 道爷大气
2021-01-13 22:14:58 吾名黑刀: ？？？？
2021-01-13 22:14:58 zh4545666: 哈哈哈哈
2021-01-13 22:14:59 luklystay: 两个在查房呢？
2021-01-13 22:14:59 源濑氏佐兲: 土拨鼠叫
2021-01-13 22:14:59 道萍妥漠果哝沐醋伢: ？？？？？
2021-01-13 22:15:00 吃素的小初: ？？？？？？？？？？
2021-01-13 22:15:00 Merenguer: 密码正确
2021-01-13 22:15:00 要减肥要賺钱的小猪: 疯了
2021-01-13 22:15:01 NineIce九冰: 土拨鼠
2021-01-13 22:15:03 玻哟君: 土拨鼠叫
2021-01-13 22:15:03 黑色候鸟: 哈哈哈哈哈
2021-01-13 22:15:03 信条自选: 不至于不至于
2021-01-13 22:15:03 骑兵的佩玉: 道老师别这样道老师
2021-01-13 22:15:03 YDaitu: 冷静
2021-01-13 22:15:03 黑水WingM: 在外面听到里面在乱叫
2021-01-13 22:15:04 星期六的秦心: 连续吃瓜 恐怖如斯
2021-01-13 22:15:05 追风的梧桐: ？？？？？？？
2021-01-13 22:15:06 朝阳给予的希望: 土拨鼠别叫
2021-01-13 22:15:06 骑北极熊的企鹅: ？？？
2021-01-13 22:15:07 冰块ouo: 疯了
2021-01-13 22:15:07 WWZZDQ阿泽: ？？
2021-01-13 22:15:07 南酱长不高: 土拨鼠现行了
2021-01-13 22:15:07 吃素的小初: 土拨鼠好评
2021-01-13 22:15:07 晓葡萄: ？？？？？？？？
2021-01-13 22:15:08 猫神-: 哈哈哈哈哈哈哈哈哈
2021-01-13 22:15:08 一声剑来不负卿: 别叫了
2021-01-13 22:15:08 FDG咸鸭蛋: ？？？？
2021-01-13 22:15:09 华农の兄弟: 狮心疯
2021-01-13 22:15:09 山不在山不在: ？？？
2021-01-13 22:15:10 Merenguer: 疯狂输入密码
2021-01-13 22:15:10 希灵12138: ？？？？
2021-01-13 22:15:11 乱花吹时雨丶: 疯了？
2021-01-13 22:15:11 黑水WingM: 在外面听到里面在乱叫
2021-01-13 22:15:12 贰是柒: 这是在线监工
2021-01-13 22:15:13 清風_飛揚: ！？？？？？
2021-01-13 22:15:13 Toridorii: 别吓到人家
2021-01-13 22:15:13 一锅鲲鹏: 啊~
2021-01-13 22:15:13 骑北极熊的企鹅: 害怕
2021-01-13 22:15:13 骑兵的佩玉: 道老师别这样道老师
2021-01-13 22:15:14 傑_K: ？？？？？
2021-01-13 22:15:15 三少的愁: 哈哈哈
2021-01-13 22:15:16 FDG咸鸭蛋: 你啊什么呢你
2021-01-13 22:15:17 路边某某君: 输了怪你
2021-01-13 22:15:17 刻晴真好看: ？？？？
2021-01-13 22:15:17 SaTenMikoto: 去大祥哥那里吧
2021-01-13 22:15:17 WWZZDQ阿泽: ？？？？？
2021-01-13 22:15:18 宫本松藏: 谁把他打下来
2021-01-13 22:15:19 猫神-: 道爷大气
2021-01-13 22:15:19 Theorys: bzyb
2021-01-13 22:15:21 黑色候鸟: 哈哈哈哈哈、
2021-01-13 22:15:21 宁就是天使: ？？？？？？？？？？？
2021-01-13 22:15:21 蓦然回首神仙地: 这叫鼓励  懂得看礼物感谢
2021-01-13 22:15:24 开心百岁_: 害怕
2021-01-13 22:15:24 一声剑来不负卿: 吓到人了
2021-01-13 22:15:24 黑色候鸟: 大气
2021-01-13 22:15:25 迷恋小熊猫i: 牛的
2021-01-13 22:15:25 梦里的宿宿: 查房
2021-01-13 22:15:26 清風_飛揚: 是的。你在做梦
2021-01-13 22:15:26 大鱼雷: 哈哈哈哈哈
2021-01-13 22:15:27 云珑儿: 董事长和会长联合查房当监工
2021-01-13 22:15:28 Tao-初见: 六老师 不至于不至于
2021-01-13 22:15:28 苍天猎狐: 快进到原神公会到打牌公会到神经病公会
2021-01-13 22:15:30 Theorys: 不至于不至于
2021-01-13 22:15:32 Merenguer: 心乱了
2021-01-13 22:15:35 六道轮回丶是个棒槌: 小学生
2021-01-13 22:15:35 傑_K: 密码正确
2021-01-13 22:15:36 花岱桔: 新人大礼包
2021-01-13 22:15:36 月下の雲樱: 好家伙，在线监督员工
2021-01-13 22:15:38 舞者战士: 劳模
2021-01-13 22:15:38 十丶三灬: 送66个吉利
2021-01-13 22:15:39 朝阳给予的希望: 卧槽
2021-01-13 22:15:45 废柴死鱼眼: 猴化
2021-01-13 22:15:45 xuzhiqian123: 妥会长开始干活了
2021-01-13 22:15:46 南酱长不高: 这是个虚拟主播？？？
2021-01-13 22:15:47 Theorys: 妖精老师
2021-01-13 22:15:48 吾名黑刀: 非常的牛
2021-01-13 22:15:49 路痴_渐逝: 妖精大佬
2021-01-13 22:15:49 curry1022: logo要一波
2021-01-13 22:15:50 大筒木亲: 六道你会扛米吗
2021-01-13 22:15:50 华农の兄弟: 妖精
2021-01-13 22:15:51 猫神-: 哇
2021-01-13 22:15:51 清風_飛揚: 妖精还是虚拟主播？
2021-01-13 22:15:52 宫本松藏: 妖精！！
2021-01-13 22:15:55 杀伤力不大侮辱性极高: 妖精老师
2021-01-13 22:15:55 康娜的斧子: 妖精老师
2021-01-13 22:15:56 舞者战士: 让他画logo
2021-01-13 22:15:56 龘渊: 画的漠漠
2021-01-13 22:15:56 Tao-初见: 司空第一画师
2021-01-13 22:15:57 今晚要早睡zZ: 妖精老师还在画画
2021-01-13 22:15:57 tuuyjj: 这不是妖精大佬吗
2021-01-13 22:15:57 路边某某君: 妖精
2021-01-13 22:15:57 YIN H: 妖精
2021-01-13 22:15:58 司空见惯不怪: 画画的
2021-01-13 22:16:00 云珑儿: 妖精牛的
2021-01-13 22:16:01 黑色候鸟: 画的好好看阿
2021-01-13 22:16:01 忧仙影: 妖精老师！！
2021-01-13 22:16:04 妥圆: 要logo
2021-01-13 22:16:05 赳赳秦风: 这是个贴图
2021-01-13 22:16:05 月下の雲樱: 妖精老师
2021-01-13 22:16:06 光光哲: 居然是虚拟主播
2021-01-13 22:16:06 已婚欠我一个爱的啾啾: 妖精老师
2021-01-13 22:16:07 游客用户2333: ？？？？
2021-01-13 22:16:07 等闲麦蘑菇: 每日任务:查会员房
2021-01-13 22:16:07 天天跟着六道悟道: 画画的呀
2021-01-13 22:16:08 閉眼呼XI: logo有着落了！
2021-01-13 22:16:08 清風_飛揚: 她不看弹幕的吧？
2021-01-13 22:16:09 未未wewe: 这是专画防道的画师
2021-01-13 22:16:09 山不在山不在: 精灵
2021-01-13 22:16:10 花岱桔: 也来个新人礼包
2021-01-13 22:16:10 Theorys: 第一画师
2021-01-13 22:16:14 猫神-: 好好看
2021-01-13 22:16:14 WWZZDQ阿泽: ？？
2021-01-13 22:16:20 一边凉快的妥鸟: 哈哈哈
2021-01-13 22:16:21 西方枸杞: 纸片主播
2021-01-13 22:16:21 看本宝宝: 妖精老师
2021-01-13 22:16:22 康娜的斧子: 昨晚自己画的
2021-01-13 22:16:23 迷恋小熊猫i: 好家伙
2021-01-13 22:16:23 路边某某君: 哈哈哈哈哈哈
2021-01-13 22:16:23 三少的愁: 哈哈哈
2021-01-13 22:16:23 -戳戳-: 啊这
2021-01-13 22:16:23 可不可以晚一点: 哈哈
2021-01-13 22:16:24 一边凉快的妥鸟: 大失所望
2021-01-13 22:16:24 锦之于匠: 哈哈哈
2021-01-13 22:16:25 三旬已过: 哈哈哈
2021-01-13 22:16:25 赳赳秦风: 哈哈哈哈
2021-01-13 22:16:25 吃醋的弟弟: ？
2021-01-13 22:16:25 六道轮回丶是个棒槌: 哈哈哈哈哈
2021-01-13 22:16:25 信条自选: 哈哈哈哈哈
2021-01-13 22:16:25 清風_飛揚: 走了走了
2021-01-13 22:16:25 朔丨言: 男的
2021-01-13 22:16:26 贰是柒: 哈哈哈哈哈哈
2021-01-13 22:16:26 再见我的女神: 你的口味
2021-01-13 22:16:26 在下橡皮鸡: 哈哈哈哈哈
2021-01-13 22:16:26 超哇塞互娱有限公司: 哈哈哈哈
2021-01-13 22:16:27 郁中垒: Open the door. FBI
2021-01-13 22:16:27 司空文化: 哈哈
2021-01-13 22:16:27 污哝哝: 哈哈哈哈哈哈哈哈哈哈哈
2021-01-13 22:16:27 番禺大白吃: 哈哈哈哈哈哈
2021-01-13 22:16:28 ぺ记忆攸伈: 哈哈哈哈
2021-01-13 22:16:28 丶烛残: 哈哈
2021-01-13 22:16:28 十丶三灬: 哈哈哈
2021-01-13 22:16:28 橘柚橙梨茶: 啊这
2021-01-13 22:16:29 我的宝马e46: 岂不美哉
2021-01-13 22:16:29 芝士艿酪: 哈哈哈哈
2021-01-13 22:16:29 Watte_Chen: 狂喜
2021-01-13 22:16:29 FDG-无尽: 哈哈哈哈哈哈哈哈哈
2021-01-13 22:16:29 神之爪牙: 哈哈哈哈哈哈
2021-01-13 22:16:29 放弃后的悲伤: 哈哈哈
2021-01-13 22:16:29 某向往光明的中二少年: 哈哈哈哈哈哈
2021-01-13 22:16:29 宫本松藏: 岂不更好
2021-01-13 22:16:29 月下の雲樱: 哈哈哈哈哈哈哈
2021-01-13 22:16:30 Nightwishless: 啊这
2021-01-13 22:16:30 追风的梧桐: 哈哈哈哈哈
2021-01-13 22:16:30 乱花吹时雨丶: 哈哈哈哈哈哈哈哈哈哈哈哈
2021-01-13 22:16:30 吾名黑刀: 哈哈哈哈
2021-01-13 22:16:30 忧仙影: 哈哈哈哈哈哈
2021-01-13 22:16:30 whysmile: 哈哈哈哈哈哈哈哈哈哈
2021-01-13 22:16:30 慕兮阳。: 司空画师组
2021-01-13 22:16:30 BBBB小通: 哈哈哈
2021-01-13 22:16:31 限制夜影: ？？？？？
2021-01-13 22:16:31 Theorys: 那是妥子哥啊
2021-01-13 22:16:31 锦之于匠: 你不就喜欢男的？
2021-01-13 22:16:31 到底是谁啊: 哈哈  更兴奋了
2021-01-13 22:16:31 固拉多地球上投: 哈哈哈哈哈哈
2021-01-13 22:16:31 夜昳w: 哈哈哈哈哈哈
2021-01-13 22:16:31 小智大智: 失望
2021-01-13 22:16:31 cccp1994: 哈哈哈哈哈哈哈哈哈
2021-01-13 22:16:32 葉先生i: 这不是更好吗？？
2021-01-13 22:16:32 薄暮凉: 哈哈哈哈哈哈哈哈哈哈或或
2021-01-13 22:16:32 朝阳给予的希望: 哈哈哈哈哈
2021-01-13 22:16:32 晓葡萄: 哈哈哈哈哈哈哈哈哈哈哈哈哈
2021-01-13 22:16:32 今晚要早睡zZ: 哈哈
2021-01-13 22:16:33 道道子的雪乃酱: 哈哈哈哈哈哈哈哈哈哈
2021-01-13 22:16:33 流光之傷喵: 哈哈哈
2021-01-13 22:16:33 牛战士从不摘下面具: 快跑
2021-01-13 22:16:33 谦虚低调的超人: 哈哈哈哈
2021-01-13 22:16:33 华农の兄弟: 男的？快跑
2021-01-13 22:16:33 屋顶上的独行者: 好家伙
2021-01-13 22:16:34 呆萌的小兔子: 震惊道爷
2021-01-13 22:16:34 赳赳秦风: 真实的一比
2021-01-13 22:16:34 六百万-接班人: 哈哈哈哈哈哈哈哈
2021-01-13 22:16:34 天天跟着六道悟道: 哈哈哈哈哈哈哈哈哈哈
2021-01-13 22:16:35 Alina丿: 那不是更好？
2021-01-13 22:16:35 薄暮凉: 啊这
2021-01-13 22:16:35 curry1022: 正对你口味
2021-01-13 22:16:35 吃素的小初: 哈哈哈哈哈
2021-01-13 22:16:35 跑龙套也是演员: 中计了
2021-01-13 22:16:35 蚊香猫: ？？？？？？
2021-01-13 22:16:36 大鱼雷: 哈哈哈哈昂昂昂昂
2021-01-13 22:16:37 清風_飛揚: 哈哈哈哈哈哈
2021-01-13 22:16:38 南宫狂拽: 司空有妹子吗
2021-01-13 22:16:38 道是河汉清且浅: 哈哈哈哈哈
2021-01-13 22:16:38 朝阳给予的希望: 岂不是更好
2021-01-13 22:16:38 康娜的斧子: 你以为是贞贞啊
2021-01-13 22:16:38 星期六的秦心: 哈哈哈哈哈
2021-01-13 22:16:38 驻马鞍山侧: 哈哈哈哈那不正对你口味吗
2021-01-13 22:16:38 Black_碳: 太兴奋啦
2021-01-13 22:16:38 月影疏香: 狂喜
2021-01-13 22:16:39 xuzhiqian123: 你不是喜欢男的吗！
2021-01-13 22:16:39 傑_K: 这个他自己画的
2021-01-13 22:16:39 青春在春天老去: 哈哈哈哈
2021-01-13 22:16:39 吃素的小初: 中计了
2021-01-13 22:16:40 三少的愁: 不是符合你的口味吗
2021-01-13 22:16:40 橙汁不会醉: ？？？？
2021-01-13 22:16:41 FDG银杏果菌: 哈哈哈哈哈
2021-01-13 22:16:41 玻哟君: 突然兴奋起来了
2021-01-13 22:16:41 云珑儿: 正和口味
2021-01-13 22:16:41 黑色候鸟: 哈哈哈哈哈
2021-01-13 22:16:41 全体小康: 岂不更好
2021-01-13 22:16:41 熙雨岚梦: 快跑
2021-01-13 22:16:41 昔宸-Joshua: 哈哈哈哈哈哈哈哈哈
2021-01-13 22:16:42 可不可以晚一点: 你不对劲
2021-01-13 22:16:42 zh4545666: 哈哈哈哈哈
2021-01-13 22:16:42 富有幻想: 哈哈哈哈哈哈哈哈哈哈
2021-01-13 22:16:42 猫神-: 司空第一画师
2021-01-13 22:16:42 cccp1994: 上当了
2021-01-13 22:16:42 道萍妥漠果哝沐醋伢: 符合你的口味
2021-01-13 22:16:43 清風_飛揚: 上当了
2021-01-13 22:16:43 固拉多地球上投: 那不是更好吗
2021-01-13 22:16:43 梦醒夜深: hhhhhh
2021-01-13 22:16:43 看本宝宝: 肯定是男的啊
2021-01-13 22:16:44 总之就是非常羡慕了: 岂不是更刺激
2021-01-13 22:16:44 吃素的小初: 道爷傻了
2021-01-13 22:16:44 curry1022: 道爷狂喜
2021-01-13 22:16:44 砂子硬糖: 哈哈哈哈】
2021-01-13 22:16:45 欲搬板砖也必承其重: 岂不美哉
2021-01-13 22:16:45 火山爹: 惊喜察觉
2021-01-13 22:16:45 一只不会汪的喵: 老六激动了
2021-01-13 22:16:46 路边某某君: 男的岂不是更好？
2021-01-13 22:16:46 不正常の飞極: 你没女粉
2021-01-13 22:16:46 一天到晚划水的鱼: 哈哈哈哈
2021-01-13 22:16:46 等闲麦蘑菇: 失望写在脸上了
2021-01-13 22:16:47 爆宝的狼狈生活: 哈哈
2021-01-13 22:16:47 朔丨言: 六道狂喜
2021-01-13 22:16:47 乱花吹时雨丶: 那不是更好
2021-01-13 22:16:47 玖玥nine: 更兴奋了
2021-01-13 22:16:48 贰是柒: 符合你口味
2021-01-13 22:16:48 哈哈の嘿嘿嘿: 不是对你味了
2021-01-13 22:16:48 不䒣: 狂喜
2021-01-13 22:16:48 爱数据的蓝海: 更兴奋了
2021-01-13 22:16:48 _贝多芬-: 那不是更好
2021-01-13 22:16:49 月影疏香: 狂喜
2021-01-13 22:16:49 昔宸-Joshua: 男的不更好吗
2021-01-13 22:16:49 Alice英梨梨: 震惊道爷
2021-01-13 22:16:49 康娜的斧子: 狂喜
2021-01-13 22:16:49 玻哟君: 老六狂喜
2021-01-13 22:16:49 陈烦忙: 你不是好这口
2021-01-13 22:16:49 十六夜八幡: 大失所望
2021-01-13 22:16:50 六道轮回丶是个棒槌: 兴奋起来了
2021-01-13 22:16:50 Merenguer: 是你的那口
2021-01-13 22:16:51 花岱桔: 大喜
2021-01-13 22:16:51 NineIce九冰: 快进到击剑
2021-01-13 22:16:51 道是河汉清且浅: 你好兴奋
2021-01-13 22:16:52 Black_碳: 太好啦
2021-01-13 22:16:52 秋茗佳语: 你公会全是男的
2021-01-13 22:16:52 六百万-接班人: 哈哈哈哈
2021-01-13 22:16:52 橘柚橙梨茶: 突然大笑
2021-01-13 22:16:52 wo5555: 哈哈哈哈
2021-01-13 22:16:52 星期六的秦心: 震惊老六 不亏不亏
2021-01-13 22:16:52 cinyue: 司空只有1个妹子
2021-01-13 22:16:53 Mr小羊: 妖精老师不好嘛
2021-01-13 22:16:53 追风的梧桐: 那不是合你口味？
2021-01-13 22:16:54 山不在山不在: 这给防道画过图
2021-01-13 22:16:54 除却沧海难为水: 妖精老师
2021-01-13 22:16:54 -斗尊强者-炎天: ╮(￣▽￣)╭
2021-01-13 22:16:54 清風_飛揚: 真就没女粉
2021-01-13 22:16:55 遥远小岛: 狂喜
2021-01-13 22:16:55 云珑儿: 更激动了
2021-01-13 22:16:56 lmk7: 狂喜
2021-01-13 22:16:56 空雨之橙蓝: 你好像更开心了
2021-01-13 22:16:56 看本宝宝: 想太多
2021-01-13 22:16:57 光光哲: 突然兴奋就离谱
2021-01-13 22:16:57 道是生活的希望: 正对胃口
2021-01-13 22:16:58 华农の兄弟: 男的更好
2021-01-13 22:16:58 吃醋的弟弟: 不对劲
2021-01-13 22:16:59 月下の雲樱: 男的岂不是更好
2021-01-13 22:16:59 NineIce九冰: 岂不是更好
2021-01-13 22:16:59 或者也许如果说: 你这么兴奋干吗
2021-01-13 22:16:59 朝阳给予的希望: 老六开始兴奋
2021-01-13 22:17:00 夜昳w: 哈哈哈
2021-01-13 22:17:01 黑色候鸟: 密码正确
2021-01-13 22:17:01 大吃货星人: 心里美美的
2021-01-13 22:17:01 康娜的斧子: 老六狂喜
2021-01-13 22:17:02 名字真DJ: 不对你胃口？
2021-01-13 22:17:02 舞者战士: 你不是喜欢男的吗
2021-01-13 22:17:03 乌云吖乌云: 兴奋起来了
2021-01-13 22:17:03 今天阿威被献祭了吗: 正合你口味
2021-01-13 22:17:03 Merenguer: 开始兴奋了
2021-01-13 22:17:05 呆萌的小兔子: 司空一姐呢，有播吗
2021-01-13 22:17:05 小胖墩的幸福生活1: 醒醒，你没有女粉的
2021-01-13 22:17:06 锦瑟无端断了弦: 岂不美哉
2021-01-13 22:17:06 橙汁不会醉: 道爷原来喜欢男的
2021-01-13 22:17:06 WWZZDQ阿泽: 狂喜
2021-01-13 22:17:07 傑_K: 那不更好？
2021-01-13 22:17:08 乱花吹时雨丶: 反正你对美少女厌烦了
2021-01-13 22:17:08 Nightwishless: 顿时来了兴趣
2021-01-13 22:17:11 凌云灬: 痛苦起来了
2021-01-13 22:17:11 葉先生i: 这个不是对你味吗？
2021-01-13 22:17:12 绿茵海贼: 汉子才画妹子
2021-01-13 22:17:13 cccp1994: 我的耳朵……
2021-01-13 22:17:13 Tao-初见: 痛起来了
2021-01-13 22:17:14 氷芽川四糸乃: 好痛啊
2021-01-13 22:17:14 哈哈の嘿嘿嘿: 开始痛了
2021-01-13 22:17:14 清風_飛揚: 司空一姐不在
2021-01-13 22:17:15 开心百岁_: 男的吸女粉
2021-01-13 22:17:16 whysmile: 痛
2021-01-13 22:17:17 火山爹: ？？？？？
2021-01-13 22:17:18 六道轮回丶是个棒槌: 痛
2021-01-13 22:17:18 已婚欠我一个爱的啾啾: 哈哈哈
2021-01-13 22:17:19 锦之于匠: 好敬业这唱的
2021-01-13 22:17:20 优ぃ海尔赛兹: 一进去就蛋蛋爆发
2021-01-13 22:17:20 小智大智: 痛起来了
2021-01-13 22:17:21 固拉多地球上投: 哇
2021-01-13 22:17:21 遥远小岛: 痛了
2021-01-13 22:17:22 不知名路人乙: 痛
2021-01-13 22:17:23 彼岸花已凋零: 好痛
2021-01-13 22:17:24 LeoMakon: 六道的痛
2021-01-13 22:17:24 沪灵魂: ?
2021-01-13 22:17:25 猫神-: 痛
2021-01-13 22:17:25 慕兮阳。: 痛
2021-01-13 22:17:26 玖玥nine: 痛痛痛
2021-01-13 22:17:26 骑兵的佩玉: 道爷的痛
2021-01-13 22:17:26 或者也许如果说: 确实跟沐哥有一拼
2021-01-13 22:17:29 快要饿死的铃科百合子: 要收虚拟主播吗？我知道个个人势力的虚拟主播
2021-01-13 22:17:31 十月晴云: 妹子当然画帅哥啊
2021-01-13 22:17:32 FDG丶狂鸟-世纪大盗: 痛，好痛啊
2021-01-13 22:17:32 六百万-接班人: 六道的痛
2021-01-13 22:17:32 朝阳给予的希望: 痛起来了
2021-01-13 22:17:33 龘渊: 漏了一个
2021-01-13 22:17:33 山不在山不在: 哈哈哈
2021-01-13 22:17:33 南宫圆周绿: 痛起来了
2021-01-13 22:17:33 货啦啦啦不啦啦布啦多: 好痛啊
2021-01-13 22:17:34 冰块ouo: 痛
2021-01-13 22:17:35 名字真DJ: 痛了
2021-01-13 22:17:36 日常の未良: 痛
2021-01-13 22:17:36 火山爹: 开始痛了吗
2021-01-13 22:17:36 橘柚橙梨茶: 不错诶
2021-01-13 22:17:37 一只不会汪的喵: 唱的好认真
2021-01-13 22:17:37 Merenguer: 你痛了吗
2021-01-13 22:17:37 丶烛残: 确实
2021-01-13 22:17:40 司空文化: 差个声卡
2021-01-13 22:17:41 无际海域: 司空的痛
2021-01-13 22:17:41 悦書人: 道爷看一下动态
2021-01-13 22:17:41 傑_K: 牛的
2021-01-13 22:17:42 康娜的斧子: 需要硬件
2021-01-13 22:17:45 圣人慧赛高: 听着都痛
2021-01-13 22:17:45 宫本松藏: 人家播了一年了
2021-01-13 22:17:45 爱数据的蓝海: 痛起来了
2021-01-13 22:17:48 贰是柒: 痛痛
2021-01-13 22:17:48 龘渊: 上面还有一个员工
2021-01-13 22:17:48 Merenguer: 道爷痛吗
2021-01-13 22:17:49 迷恋小熊猫i: 确实
2021-01-13 22:17:52 花岱桔: 送了
2021-01-13 22:17:53 清風_飛揚: 转正后给他一个不？
2021-01-13 22:17:53 猫神-: 六道的痛
2021-01-13 22:17:53 薄暮凉: 确实
2021-01-13 22:17:54 妥圆: 你赞助一个
2021-01-13 22:17:56 虚空警告: 确实
2021-01-13 22:17:57 _贝多芬-: 先借他一下
2021-01-13 22:17:57 傑_K: 建议升级硬件
2021-01-13 22:17:59 看本宝宝: 道爷游戏王开服明天播吗
2021-01-13 22:17:59 牛战士从不摘下面具: 老板你不发个？
2021-01-13 22:18:02 吃素的小初: 司空一姐呢
2021-01-13 22:18:07 挥洒汗水的瞬间: 确实
2021-01-13 22:18:08 慕兮阳。: 六道の痛
2021-01-13 22:18:09 我爱忽悠的你: 看到少爷女装了
2021-01-13 22:18:12 YIN H: 老板  配
2021-01-13 22:18:14 猫神-: 看第一个
2021-01-13 22:18:15 司空文化: 你找厂商送一个
2021-01-13 22:18:19 我爱忽悠的你: 等下回去复习
2021-01-13 22:18:24 薄暮凉: 醋醋就给自己下面主播发设备的
2021-01-13 22:18:24 泰莉塔比: @菠萝塞东
2021-01-13 22:18:25 康娜的斧子: 全服第一
2021-01-13 22:18:27 骑兵的佩玉: 六道の痛
2021-01-13 22:18:28 FDG迪欧墶: 他是学日语的 翻译 
2021-01-13 22:18:32 舞者战士: 今天少爷吃瓜谁送的
2021-01-13 22:18:34 -Scimon-: 看狗团子直播嘛？
2021-01-13 22:18:34 保证今晚必早睡: 为什么手机页面变了
2021-01-13 22:18:35 長空君: 已经开始做牌组计划了
2021-01-13 22:18:36 小猪不开心_: 打卡，
2021-01-13 22:18:37 一之濑丶千鹤: 桌游工会
2021-01-13 22:18:38 未来还很远很远: 道爷什么时候换封面？
2021-01-13 22:18:42 迷恋小熊猫i: 道道下象棋嘛？？
2021-01-13 22:18:42 拉咯拉: (=・ω・=)
2021-01-13 22:18:44 蓝澚菲: (=・ω・=)
2021-01-13 22:18:45 cccp1994: 牛的
2021-01-13 22:18:46 司空见惯不怪: 忘了个事，恭喜百大
2021-01-13 22:18:46 优ぃ海尔赛兹: 明天直播工会打牌
2021-01-13 22:18:49 小小很不小: 醋醋那个有公司啊
2021-01-13 22:18:52 不䒣: （￣▽￣）
2021-01-13 22:18:53 闇夜の幽兔: 明天打牌？
2021-01-13 22:18:56 小小很不小: 老六这个
2021-01-13 22:18:59 猫神-: 去看直播嫖礼物吧
2021-01-13 22:19:01 TianyuZ: 1
2021-01-13 22:19:10 日常の未良: 巨龙
2021-01-13 22:19:11 悦書人: 道道子，我帮你做了个牌组
2021-01-13 22:19:11 骑兵的佩玉: 以董事长的身份命令工会所有主播明天来打牌
2021-01-13 22:19:16 悦書人: 可以去看看
2021-01-13 22:19:21 骑兵的佩玉: 以董事长的身份命令工会所有主播明天来打牌
2021-01-13 22:19:28 舞者战士: 公布了
2021-01-13 22:19:28 tuuyjj: 米饭的录播已经出来了
2021-01-13 22:19:37 苍天猎狐: 游戏王算桌游吗林吃素不玩？？
2021-01-13 22:19:38 舞者战士: 刚公布了
2021-01-13 22:19:44 木野顺: 巨龙可以抽，另一个划不来
2021-01-13 22:19:48 锦之于匠: 牛的
2021-01-13 22:19:51 今晚要早睡zZ: 哈哈
2021-01-13 22:19:52 wo5555: 哈哈哈牛哒
2021-01-13 22:19:52 三少的愁: 哈哈哈
2021-01-13 22:19:52 whysmile: 明天不来打牌的都踢了
2021-01-13 22:19:53 一边凉快的妥鸟: 哈哈哈
2021-01-13 22:19:55 风林-_-: 哈哈哈哈哈
2021-01-13 22:19:56 舞者战士: 官网更新了
2021-01-13 22:19:57 康娜的斧子: 哇
2021-01-13 22:19:58 FDG-无尽: 哈哈哈哈哈哈哈哈哈哈哈
2021-01-13 22:19:59 货啦啦啦不啦啦布啦多: 哈哈
2021-01-13 22:20:00 朝阳给予的希望: 哈哈哈哈
2021-01-13 22:20:00 诸葛浩昆: 哈哈哈哈
2021-01-13 22:20:00 檸崽: 哈哈哈
2021-01-13 22:20:03 小小很不小: 哈哈哈哈哈哈哈哈哈哈哈哈
2021-01-13 22:20:03 長空君: 我考虑一红龙一张精灵龙，后面搞因果切断
2021-01-13 22:20:03 离V笙: 哈哈哈哈哈
2021-01-13 22:20:04 番禺大白吃: 哈哈哈哈
2021-01-13 22:20:04 Tao-初见: 牛的
2021-01-13 22:20:05 薄暮凉: 哈哈哈哈
2021-01-13 22:20:06 一片小方块: 哈哈哈哈
2021-01-13 22:20:10 妥圆: 有命运女郎那味儿了
2021-01-13 22:20:10 穹之祈: 优秀员工
2021-01-13 22:20:11 康娜的斧子: 防道卡组
2021-01-13 22:20:12 疑似情感缺失: 憨憨
2021-01-13 22:20:13 十丶三灬: 还是效果卡
2021-01-13 22:20:15 宫本松藏: 这不奖励个舰长？
2021-01-13 22:20:19 張羙弌: 道爷！
2021-01-13 22:20:20 猫神-: 哈哈哈mv醋醋
2021-01-13 22:20:23 朋友的竹鼠: 道爷，你可能不知道其中有个主播是程序员
2021-01-13 22:20:23 小智大智: 优秀员工
2021-01-13 22:20:28 我也AFK了: 百大了呀460么了呀
2021-01-13 22:20:35 猫神-: 下山的mv
2021-01-13 22:20:39 星期六的秦心: 看一下   孰强孰弱
2021-01-13 22:20:44 焱仲R: 套的模板吧
2021-01-13 22:20:47 悦書人: 哈哈哈
2021-01-13 22:20:47 迷恋小熊猫i: 人才
2021-01-13 22:20:55 小小很不小: 妥妥是恶魔哈哈哈哈哈哈哈哈
2021-01-13 22:20:56 YIN H: 妥妥 很委屈 为啥  这么弱
2021-01-13 22:20:59 大大大大大大大大的帅: 牛
2021-01-13 22:21:02 牛战士从不摘下面具: 醋醋不应该是环境卡嘛
2021-01-13 22:21:03 whysmile: 哈哈哈哈哈哈哈哈
2021-01-13 22:21:05 美美哒十八号: 6666
2021-01-13 22:21:07 三少的愁: 法式吻
2021-01-13 22:21:09 华农の兄弟: 牛的
2021-01-13 22:21:13 camoosaga: .
2021-01-13 22:21:22 美美哒十八号: 太牛了
2021-01-13 22:21:22 猫神-: 牛的
2021-01-13 22:21:26 焱仲R: 2000/600 还行
2021-01-13 22:21:27 康娜的斧子: 牛的
2021-01-13 22:21:32 嚎的大王: 默默1800攻击
2021-01-13 22:21:34 ㅡ马平川的妥妥: 牛的
2021-01-13 22:21:37 星期六的秦心: 全是有防道能特招 第一张吃坑 就完蛋了
2021-01-13 22:21:40 青春在春天老去: 牛哒
2021-01-13 22:21:42 三少的愁: 哈哈哈
2021-01-13 22:21:42 或者也许如果说: 哈哈哈哈哈
2021-01-13 22:21:43 涒汦滼: 哈哈哈哈
2021-01-13 22:21:44 嚎的大王: 还有融合卡的
2021-01-13 22:21:45 康娜的斧子: 融合卡，草
2021-01-13 22:21:45 FDG-无尽: 哈哈哈哈哈哈哈哈哈哈哈哈
2021-01-13 22:21:46 嚎的大王: 太牛了
2021-01-13 22:21:58 Sher_K: 哈哈
2021-01-13 22:22:04 或者也许如果说: 8个融合 岂不是逆天
2021-01-13 22:22:06 長空君: 没有同调召唤我不服！聚集的祈愿成为新生的闪耀之星！飞翔吧六道
2021-01-13 22:22:07 悦書人: 下面还有六道卡组
2021-01-13 22:22:08 夜火之森: 哇，牛的！
2021-01-13 22:22:12 澮娣㚾撈鵎鵎: z真红眼黑龙的属性
2021-01-13 22:22:16 焱仲R: 全程特招，而且没有上级怪兽嘛
2021-01-13 22:22:18 炎楓·: 果子哥:姐就是女王
2021-01-13 22:22:22 竹林中的雨: 牛的
2021-01-13 22:22:26 落金猪: 妹文化
2021-01-13 22:22:28 舞者战士: 官网更新卡了
2021-01-13 22:22:30 三少的愁: 我漠漠要走出自闭
2021-01-13 22:22:39 南逐皎: 不是说唱歌吗
2021-01-13 22:22:41 curry1022: 八张防道特招六道
2021-01-13 22:22:49 竹林中的雨: 不做套防道的卡？
2021-01-13 22:23:02 老花生米丶: 道道子晚好
2021-01-13 22:23:02 焱仲R: 还有一个半小时！
2021-01-13 22:23:16 想想二哥怎么做: 得得得
2021-01-13 22:23:21 雒風: 游戏王
2021-01-13 22:23:35 TaeLoveJelly: 游戏已下载，就等明天开服
2021-01-13 22:23:40 竹林中的雨: 经典bgm
2021-01-13 22:23:43 薄暮凉: 吓我一跳
2021-01-13 22:23:56 想想二哥怎么做: 处刑曲
2021-01-13 22:23:57 竹林中的雨: 等明天公测
2021-01-13 22:23:58 与山绝: 明天几点开服啊
2021-01-13 22:24:06 三少的愁: 暴君龙还不错
2021-01-13 22:24:07 curry1022: 能
2021-01-13 22:24:09 舞者战士: 能的
2021-01-13 22:24:11 司空文化: 你的平板到了
2021-01-13 22:24:13 竹林中的雨: 11点
2021-01-13 22:24:18 红酒艾斯: 道爷是准备玩网易服还是B站服啊？
2021-01-13 22:24:19 掩筝: 安卓苹果数据通吗
2021-01-13 22:24:20 吃猫的红豆粽: 有iOS就行
2021-01-13 22:24:22 TaeLoveJelly: 上午11点
2021-01-13 22:24:23 会飞的弹幕君: 少爷小气
2021-01-13 22:24:25 路痴_渐逝: 少爷小气
2021-01-13 22:24:25 牛战士从不摘下面具: 明天上班摸鱼玩
2021-01-13 22:24:26 舞者战士: ios只有官方服
2021-01-13 22:24:26 涒汦滼: 少爷大气
2021-01-13 22:24:27 风林-_-: 少爷小气
2021-01-13 22:24:29 或者也许如果说: 少爷小气
2021-01-13 22:24:29 宫本松藏: 这回是少爷了吧
2021-01-13 22:24:30 餹菓屋: 少爷小气
2021-01-13 22:24:31 没理由没个性: 少爷好
2021-01-13 22:24:31 沁信: 少爷来了
2021-01-13 22:24:34 WWZZDQ阿泽: 少爷小气
2021-01-13 22:24:34 落叶不会有春天: 少爷小气
2021-01-13 22:24:37 FDG-热心群众: b站服
2021-01-13 22:24:38 猫神-: 少爷小气
2021-01-13 22:24:39 最近肝好疼啊: 少爷小气
2021-01-13 22:24:39 薪尘_FuelDust: 道爷打算玩那个服
2021-01-13 22:24:40 冷兔柠檬鸽: 少爷今天怎么了？
2021-01-13 22:24:41 涒汦滼: 少爷大气
2021-01-13 22:24:42 进击の大老师: 少爷小气
2021-01-13 22:24:42 陈烦忙: 少爷小气
2021-01-13 22:24:43 华农の兄弟: 少爷小气
2021-01-13 22:24:43 落喜: 少爷大气
2021-01-13 22:24:43 竹林中的雨: 我直接b站下的
2021-01-13 22:24:46 青囊: 少爷大气
2021-01-13 22:24:47 流光之傷喵: 少爷小气
2021-01-13 22:24:48 枫影no依蓝: 玩什么服
2021-01-13 22:24:48 呆萌的小兔子: 这回是真少爷了吧
2021-01-13 22:24:51 南酱长不高: 少爷小气
2021-01-13 22:24:51 可不可以晚一点: 两个
2021-01-13 22:24:51 三少的愁: 哈哈哈
2021-01-13 22:24:51 TaeLoveJelly: 少爷小气
2021-01-13 22:24:52 Watte_Chen: 少爷不至于
2021-01-13 22:24:53 青玄朱白: 吃瓜狂魔
2021-01-13 22:24:53 Sakura优酱o: 哈哈
2021-01-13 22:24:58 番禺大白吃: 少爷小气
2021-01-13 22:24:59 公用体会: 哈哈哈哈
2021-01-13 22:24:59 路痴_渐逝: 哈哈哈哈
2021-01-13 22:24:59 长安第四帅丶: 又送了个
2021-01-13 22:25:01 西西南南北北: 3个
2021-01-13 22:25:02 六猩花园: 道爷不至于
2021-01-13 22:25:02 彼岸花已凋零: 你再骂
2021-01-13 22:25:02 叽里呱啦乔巴: 打卡
2021-01-13 22:25:04 Alina丿: 你怎么知道是又？
2021-01-13 22:25:04 杀虫剂: 哈哈哈哈
2021-01-13 22:25:04 乌云吖乌云: 少爷小气
2021-01-13 22:25:04 风林-_-: 哈哈哈哈
2021-01-13 22:25:05 三少的愁: 送礼物挨骂
2021-01-13 22:25:07 圣人慧赛高: 房租加倍
2021-01-13 22:25:08 薄暮凉: 少爷小气
2021-01-13 22:25:09 YIN H: （￣▽￣）
2021-01-13 22:25:09 宫本松藏: 房东把他网掐了
2021-01-13 22:25:10 道萍妥漠果哝沐醋伢: 哈哈哈哈哈
2021-01-13 22:25:10 奇妙鸽: 房租超级加倍
2021-01-13 22:25:11 supernova凌左: 超级加倍
2021-01-13 22:25:12 呆呆兽w: 是的是的
2021-01-13 22:25:13 华农の兄弟: 每日乳姬1/1
2021-01-13 22:25:14 餹菓屋: 房租加倍
2021-01-13 22:25:14 Ohhhhhhhhhhhhh_: 房租加倍
2021-01-13 22:25:14 萘雅举: 你好意思说吗
2021-01-13 22:25:15 冷兔柠檬鸽: 少爷怎么回事？快去更新(=・ω・=)
2021-01-13 22:25:15 呆萌的小兔子: 房租里面扣
2021-01-13 22:25:15 杀虫剂: 涨房租涨房租
2021-01-13 22:25:16 一边凉快的妥鸟: 哈哈哈
2021-01-13 22:25:16 長空君: 妥妥吃瓜
2021-01-13 22:25:16 或者也许如果说: 要断网了
2021-01-13 22:25:16 天地霸主之雪花你好骚: 所以七点多到底是谁送的？
2021-01-13 22:25:16 Yniyoudu: 房租超级加倍来一手
2021-01-13 22:25:16 可不可以晚一点: 3毛
2021-01-13 22:25:17 whysmile: 房租加倍
2021-01-13 22:25:18 舞者战士: 经典花钱挨骂
2021-01-13 22:25:19 进击の大老师: 妥妥小气
2021-01-13 22:25:19 黑色候鸟: 超级加倍
2021-01-13 22:25:19 mei凉了: 哈哈哈哈
2021-01-13 22:25:19 最近肝好疼啊: 哈哈哈哈哈
2021-01-13 22:25:19 不知名路人乙: 哈哈哈哈
2021-01-13 22:25:20 Sakura优酱o: 哈哈哈哈
2021-01-13 22:25:20 无尽冷: 哈哈哈哈哈哈哈哈哈哈
2021-01-13 22:25:20 三少的愁: 哈哈哈
2021-01-13 22:25:21 南酱长不高: 哈哈(ಡωಡ)hiahiahia
2021-01-13 22:25:21 青春在春天老去: 哈哈哈哈哈哈
2021-01-13 22:25:21 FDG-108: 哈哈哈哈哈哈
2021-01-13 22:25:22 等闲麦蘑菇: 少爷大气
2021-01-13 22:25:22 涒汦滼: 哈哈哈
2021-01-13 22:25:22 彼岸花已凋零: 哈哈哈
2021-01-13 22:25:22 华农の兄弟: 房租加倍
2021-01-13 22:25:22 萌宝·kaiser: 233333
2021-01-13 22:25:22 宫本松藏: 物理查房
2021-01-13 22:25:23 六猩花园: 哈哈哈哈哈哈
2021-01-13 22:25:23 滑稽树下的物语: gang
2021-01-13 22:25:23 风林-_-: 妥妥小气
2021-01-13 22:25:23 凌云灬: 哈哈哈哈哈哈哈
2021-01-13 22:25:23 再见我的女神: 当场对线
2021-01-13 22:25:23 Merenguer: 断他网
2021-01-13 22:25:23 冷兔柠檬鸽: 哈哈哈哈哈哈哈哈哈
2021-01-13 22:25:23 妥圆: 现场gank
2021-01-13 22:25:23 檸崽: 哈哈哈哈哈哈哈哈哈哈
2021-01-13 22:25:23 S神之领域S: 哈哈哈
2021-01-13 22:25:24 锦之于匠: 哈哈哈
2021-01-13 22:25:24 落叶不会有春天: 哈哈哈哈哈￼
2021-01-13 22:25:24 红颜无罪丶只是太美: 哈哈哈哈哈哈
2021-01-13 22:25:24 呆萌的小兔子: 少爷真人gank
2021-01-13 22:25:24 萧然倚顿_sye: 房租加倍
2021-01-13 22:25:24 whysmile: 哈哈哈哈哈哈哈哈哈哈哈哈哈
2021-01-13 22:25:25 月咏海棠: 哈哈哈
2021-01-13 22:25:25 八孚Loo: 超级加倍
2021-01-13 22:25:25 _氷菓: 冲了
2021-01-13 22:25:25 固拉多地球上投: 哈哈哈哈哈哈
2021-01-13 22:25:25 NineIce九冰: 哈哈哈哈哈
2021-01-13 22:25:25 云珑儿: 哈哈哈
2021-01-13 22:25:25 希灵12138: 手动大气
2021-01-13 22:25:25 道萍妥漠果哝沐醋伢: 来了
2021-01-13 22:25:25 学而无用的杂学狗: 哈哈哈哈哈
2021-01-13 22:25:26 道道子的雪乃酱: 哈哈哈哈哈哈哈哈哈
2021-01-13 22:25:26 Alina丿: 哈哈哈哈
2021-01-13 22:25:26 自闭的章鱼爪鱼: 哈哈哈哈哈哈哈哈
2021-01-13 22:25:26 火山爹: 哈哈哈哈哈哈哈
2021-01-13 22:25:26 看本宝宝: 哈哈哈哈哈哈哈哈哈哈哈哈
2021-01-13 22:25:26 驻马鞍山侧: 哈哈哈哈
2021-01-13 22:25:26 薄暮凉: 哈哈哈哈哈哈哈哈哈
2021-01-13 22:25:27 或者也许如果说: 哈哈哈哈哈
2021-01-13 22:25:27 放弃后的悲伤: 哈哈哈哈
2021-01-13 22:25:27 六百万-接班人: 哈哈哈哈
2021-01-13 22:25:27 FDG-热心群众: 哈哈哈哈哈哈
2021-01-13 22:25:27 Mr小羊: 直接上门 红红火火
2021-01-13 22:25:27 梦醒夜深: 哈哈哈哈哈
2021-01-13 22:25:27 长安第四帅丶: 大气哈哈哈哈
2021-01-13 22:25:27 比企谷圣哉: 哈哈哈哈哈哈哈哈哈
2021-01-13 22:25:27 日常の未良: 哈哈哈哈哈
2021-01-13 22:25:27 黑色候鸟: 哈哈哈哈
2021-01-13 22:25:28 curry1022: 哈哈哈哈哈哈哈哈
2021-01-13 22:25:28 全体小康: 哈哈哈哈
2021-01-13 22:25:28 公用体会: 哈哈哈哈哈哈哈哈哈哈哈
2021-01-13 22:25:28 番禺大白吃: 哈哈哈哈哈哈
2021-01-13 22:25:28 FDG-无尽: 哈哈哈哈哈哈哈哈哈哈哈哈哈哈
2021-01-13 22:25:28 Black_碳: 超级加倍
2021-01-13 22:25:28 餹菓屋: 哈哈哈哈哈哈哈哈
2021-01-13 22:25:29 蓝色的反射: 哈哈哈哈哈
2021-01-13 22:25:29 与魧yuan: 哈哈哈哈
2021-01-13 22:25:29 TaeLoveJelly: 哈哈哈哈
2021-01-13 22:25:29 过眼云烟_soso: 哈哈哈
2021-01-13 22:25:29 乌云吖乌云: 哈哈哈哈哈哈
2021-01-13 22:25:29 信条自选: 哈哈哈哈哈哈
2021-01-13 22:25:30 三少的愁: 当面冲了
2021-01-13 22:25:30 风林-_-: 哈哈哈哈哈哈哈
2021-01-13 22:25:30 Ohhhhhhhhhhhhh_: 哈哈哈哈哈
2021-01-13 22:25:31 学而无用的杂学狗: 哈哈哈哈哈
2021-01-13 22:25:31 快要饿死的铃科百合子: 哈哈哈哈哈哈哈哈哈哈哈哈哈哈哈
2021-01-13 22:25:31 六猩花园: 哈哈哈哈哈哈哈哈哈哈哈哈
2021-01-13 22:25:31 希灵12138: 哈哈哈哈哈
2021-01-13 22:25:31 路痴_渐逝: 现场gank
2021-01-13 22:25:32 丶烛残: 哈哈
2021-01-13 22:25:32 月下の雲樱: 哈哈哈哈哈哈哈
2021-01-13 22:25:32 NineIce九冰: 哈哈哈哈哈哈哈哈哈哈哈
2021-01-13 22:25:32 追风的梧桐: 哈哈哈哈哈
2021-01-13 22:25:32 彭格列的废材纲: 物理决斗
2021-01-13 22:25:32 赳赳秦风: 当场大气
2021-01-13 22:25:32 稚嫩的小狐狸: 房租加倍
2021-01-13 22:25:32 一边凉快的妥鸟: 房租加倍
2021-01-13 22:25:32 风祭凡人天王寺: 哈哈哈哈哈哈
2021-01-13 22:25:32 lmk7: 哈哈哈
2021-01-13 22:25:32 华农の兄弟: 物理查房
2021-01-13 22:25:32 大魔王柚柚子: 哈哈哈哈哈哈哈
2021-01-13 22:25:33 或者也许如果说: 物理攻击
2021-01-13 22:25:33 货啦啦啦不啦啦布啦多: 当场制裁
2021-01-13 22:25:33 叫我大神B啊: 哈哈哈哈哈哈哈哈哈哈哈
2021-01-13 22:25:34 落叶不会有春天: 少爷小气
2021-01-13 22:25:34 风林-_-: 哈哈哈哈哈
2021-01-13 22:25:34 郁菡雅吖: hhhhhhhh
2021-01-13 22:25:34 固拉多地球上投: 冲了
2021-01-13 22:25:34 慕兮阳。: Gank
2021-01-13 22:25:34 暮荏苒: 哈哈哈哈哈哈哈哈
2021-01-13 22:25:35 昔宸-Joshua: 哈哈哈哈哈哈哈哈哈哈
2021-01-13 22:25:35 S神之领域S: 当场去世哈哈哈
2021-01-13 22:25:35 只为勿忘初心: 哈哈哈哈哈哈
2021-01-13 22:25:35 随缘的活: 哈哈哈哈哈
2021-01-13 22:25:35 八度开张: 当场捉住
2021-01-13 22:25:35 tifasmile: 当面冲了
2021-01-13 22:25:35 curry1022: 直接冲了司空
2021-01-13 22:25:35 鸳巽: 哈哈哈哈哈哈哈
2021-01-13 22:25:35 半颗心之牡蛎: 这
2021-01-13 22:25:36 Mr小羊: 哈哈哈哈哈
2021-01-13 22:25:36 FDG樱桃小丸子: 哈哈哈
2021-01-13 22:25:36 碳碳酸熊卡: 哈哈哈哈哈
2021-01-13 22:25:36 杨占领: 当场对线
2021-01-13 22:25:36 梦醒夜深: 物理查房
2021-01-13 22:25:36 Sakura优酱o: 门口刷礼物
2021-01-13 22:25:36 檸崽: 原来少爷在家啊
2021-01-13 22:25:37 西西南南北北: 哈哈哈哈哈哈
2021-01-13 22:25:37 自闭的章鱼爪鱼: 哈哈哈哈哈哈哈哈哈哈哈
2021-01-13 22:25:37 Style星之所在: 哈哈哈哈哈哈
2021-01-13 22:25:37 呆萌的小兔子: 钓鱼
2021-01-13 22:25:37 凌云灬: 物理查房
2021-01-13 22:25:37 月咏海棠: 哈哈哈哈哈哈哈哈哈哈哈哈哈
2021-01-13 22:25:38 YDaitu: 冲了司空文化
2021-01-13 22:25:38 苍天猎狐: 物理冲冲冲
2021-01-13 22:25:38 梦里在养猫: 直接真人PK了
2021-01-13 22:25:38 黑色候鸟: 线下重拳出击
2021-01-13 22:25:38 开心百岁_: 哈哈哈哈哈哈哈
2021-01-13 22:25:38 八孚Loo: 现场gank
2021-01-13 22:25:38 单推六花の鹿乃饭: 直接转线下
2021-01-13 22:25:38 一声剑来不负卿: 哈哈哈哈
2021-01-13 22:25:39 Torontototo: 哈哈哈哈哈哈哈哈哈哈
2021-01-13 22:25:39 奇妙鸽: 真人gank
2021-01-13 22:25:39 爱数据的蓝海: 直接物理制裁
2021-01-13 22:25:39 六百万-接班人: 哈哈哈哈哈哈哈哈
2021-01-13 22:25:40 南酱长不高: 哈哈(ಡωಡ)hiahiahia
2021-01-13 22:25:40 小精灵使者: 哈哈哈哈哈哈哈哈哈哈哈哈
2021-01-13 22:25:40 天地霸主之雪花你好骚: 这就是爱情吗？
2021-01-13 22:25:40 夜昳w: 哈哈哈哈哈哈
2021-01-13 22:25:40 冷兔柠檬鸽: 物理查房
2021-01-13 22:25:40 闲云野鹤。: 哈哈哈哈哈哈哈哈哈哈哈
2021-01-13 22:25:41 红酒艾斯: 哈哈哈哈哈哈
2021-01-13 22:25:41 忧仙影: 哈哈哈哈哈
2021-01-13 22:25:41 YIN H: 现场 抓
2021-01-13 22:25:41 月下の雲樱: 冲了
2021-01-13 22:25:41 与魧yuan: 钓鱼
2021-01-13 22:25:42 六猩花园: 哈哈哈哈哈哈哈哈哈哈
2021-01-13 22:25:42 曼彻斯特以北: 哈哈哈哈哈哈哈哈
2021-01-13 22:25:42 滑稽树下的物语: 杠妥出现了
2021-01-13 22:25:43 ice4ind: 哈哈哈
2021-01-13 22:25:44 tifasmile: 少爷回来了吗
2021-01-13 22:25:45 无限互鱼: 哈哈哈哈哈哈
2021-01-13 22:25:45 再见我的女神: 重拳出击环节这么快就结束了
2021-01-13 22:25:45 日常の未良: 妥妥小气
2021-01-13 22:25:46 优ぃ海尔赛兹: 当年冲了六道
2021-01-13 22:25:46 l闇空l: 哈哈哈哈哈哈哈哈哈哈哈哈
2021-01-13 22:25:47 Tao-初见: 真人PK
2021-01-13 22:25:47 Ohhhhhhhhhhhhh_: 物理查房
2021-01-13 22:25:47 今天阿威被献祭了吗: 哈哈哈哈
2021-01-13 22:25:48 Nightwishless: 2333333
2021-01-13 22:25:48 稚嫩的小狐狸: 物理查房
2021-01-13 22:25:49 回忆往心: 哈哈哈哈哈哈哈哈哈哈哈
2021-01-13 22:25:49 深海陌路: 哈哈哈哈哈当场抓住
2021-01-13 22:25:49 华农の兄弟: 哈哈哈哈哈哈哈哈哈
2021-01-13 22:25:49 进击の大老师: 小仙若！
2021-01-13 22:25:50 呆萌的小兔子: 当场查房
2021-01-13 22:25:50 長空君: 这波，这波是射程以内皆为真理！
2021-01-13 22:25:51 蓦然回首神仙地: 现场活捉
2021-01-13 22:25:52 猫神-: 哈哈哈哈哈哈
2021-01-13 22:50:12 洮羱芝闇: b
2021-01-13 22:50:32 洮羱芝闇: b
2021-01-13 22:50:45 洮羱芝闇: b
2021-01-13 22:51:24 洮羱芝闇: s
2021-01-13 22:51:37 洮羱芝闇: a
2021-01-13 22:52:01 洮羱芝闇: a
2021-01-13 22:52:06 洮羱芝闇: w
2021-01-13 22:52:18 洮羱芝闇: w
2021-01-13 22:52:30 洮羱芝闇: d
2021-01-13 22:52:35 洮羱芝闇: d
2021-01-13 22:54:29 洮羱芝闇: b
2021-01-13 22:54:36 洮羱芝闇: b
2021-01-13 22:54:42 洮羱芝闇: b
2021-01-13 22:54:49 洮羱芝闇: b
2021-01-13 22:54:55 洮羱芝闇: b
2021-01-13 22:55:11 洮羱芝闇: b
2021-01-13 22:55:17 洮羱芝闇: b
2021-01-13 22:55:25 洮羱芝闇: a
2021-01-13 22:55:27 洮羱芝闇: b
2021-01-13 22:55:31 洮羱芝闇: a
2021-01-13 22:55:34 洮羱芝闇: b
2021-01-13 22:55:51 洮羱芝闇: a
2021-01-13 22:55:58 洮羱芝闇: b
2021-01-13 22:56:04 洮羱芝闇: b
2021-01-13 22:56:26 洮羱芝闇: b
2021-01-13 22:56:37 洮羱芝闇: w
2021-01-13 22:56:50 洮羱芝闇: d
2021-01-13 22:57:00 洮羱芝闇: d
2021-01-13 22:57:10 洮羱芝闇: d
2021-01-13 22:57:23 洮羱芝闇: w
2021-01-13 22:57:38 洮羱芝闇: w
2021-01-13 22:57:50 洮羱芝闇: s
2021-01-13 22:58:03 洮羱芝闇: b
2021-01-13 22:58:13 洮羱芝闇: b
2021-01-13 22:58:22 洮羱芝闇: a
2021-01-13 22:58:32 洮羱芝闇: a
2021-01-13 22:58:40 黎明之花工作室: w
2021-01-13 22:59:11 洮羱芝闇: b
2021-01-13 22:59:20 洮羱芝闇: b
2021-01-13 22:59:28 洮羱芝闇: b
2021-01-13 22:59:42 洮羱芝闇: a和b按钮弄反了(〜￣△￣)〜
2021-01-13 22:59:46 洮羱芝闇: n
2021-01-13 22:59:49 洮羱芝闇: b
2021-01-13 22:59:56 黎明之花工作室: x
2021-01-13 23:00:09 黎明之花工作室: 不错
2021-01-13 23:00:11 洮羱芝闇: b
2021-01-13 23:00:20 洮羱芝闇: b
2021-01-13 23:00:33 洮羱芝闇: 除了按钮反了(´；ω；`)
2021-01-13 23:00:42 黎明之花工作室: a;b;x;y
2021-01-13 23:00:50 洮羱芝闇: b
2021-01-13 23:01:01 洮羱芝闇: s
2021-01-13 23:01:09 洮羱芝闇: s
2021-01-13 23:01:18 洮羱芝闇: a
2021-01-13 23:01:41 洮羱芝闇: a
2021-01-13 23:01:50 洮羱芝闇: a
2021-01-13 23:02:14 洮羱芝闇: a
2021-01-13 23:02:24 洮羱芝闇: a
2021-01-13 23:02:46 洮羱芝闇: 突然想起来有两个a
2021-01-13 23:02:50 洮羱芝闇: s
2021-01-13 23:03:01 洮羱芝闇: s
2021-01-13 23:03:21 洮羱芝闇: s
2021-01-13 23:03:23 黎明之花工作室: a
2021-01-13 23:03:38 洮羱芝闇: s
2021-01-13 23:03:50 洮羱芝闇: d
2021-01-13 23:04:00 洮羱芝闇: d
2021-01-13 23:04:13 洮羱芝闇: d
2021-01-13 23:04:24 洮羱芝闇: d
2021-01-13 23:04:35 洮羱芝闇: s
2021-01-13 23:04:45 洮羱芝闇: s
2021-01-13 23:05:06 洮羱芝闇: s
2021-01-13 23:05:22 洮羱芝闇: a
2021-01-13 23:06:03 洮羱芝闇: a
2021-01-14 00:17:12 憎恶屠夫钩: d4
2021-01-14 00:17:37 憎恶屠夫钩: a10
2021-01-14 00:17:51 憎恶屠夫钩: x
2021-01-14 00:17:54 憎恶屠夫钩: y
2021-01-14 00:37:08 洮羱芝闇: a
2021-01-14 02:11:47 草酸会长: 就离谱
2021-01-14 02:12:01 草酸会长: 这么迟了还在奋斗
2021-01-14 08:16:29 洮羱芝闇: a
2021-01-14 08:25:34 56056669574_bili: w
2021-01-14 08:56:11 颸维怪物: 大哥………
2021-01-14 08:57:02 洮羱芝闇: a1a1a1
2021-01-14 08:58:38 洮羱芝闇: a1a1a1
2021-01-14 08:58:46 洮羱芝闇: a1a1a1
2021-01-14 08:58:50 洮羱芝闇: a1
2021-01-14 08:58:57 洮羱芝闇: a1a1a1
2021-01-14 08:59:09 洮羱芝闇: a1a1a1
2021-01-14 08:59:22 洮羱芝闇: a1a1a1
2021-01-14 08:59:36 洮羱芝闇: w
2021-01-14 08:59:39 洮羱芝闇: d
2021-01-14 08:59:45 洮羱芝闇: ddd
2021-01-14 08:59:53 洮羱芝闇: www
2021-01-14 09:00:08 洮羱芝闇: sss
2021-01-14 09:00:37 洮羱芝闇: a1a1a1
2021-01-14 09:00:52 洮羱芝闇: a1a1a1
2021-01-14 09:01:08 洮羱芝闇: a1a1a1
2021-01-14 09:01:23 洮羱芝闇: a1a1a1
2021-01-14 09:01:41 洮羱芝闇: sss
2021-01-14 09:01:54 洮羱芝闇: sss
2021-01-14 09:13:02 洮羱芝闇: sss
2021-01-14 09:13:14 洮羱芝闇: a
2021-01-14 09:13:18 洮羱芝闇: sss
2021-01-14 09:13:29 洮羱芝闇: aaa
2021-01-14 09:13:39 洮羱芝闇: aaa
2021-01-14 09:14:15 洮羱芝闇: aaa
2021-01-14 09:14:32 洮羱芝闇: aaa
2021-01-14 09:14:40 洮羱芝闇: d
2021-01-14 09:14:49 洮羱芝闇: www
2021-01-14 09:14:58 洮羱芝闇: w
2021-01-14 09:15:05 洮羱芝闇: www
2021-01-14 09:15:11 洮羱芝闇: www
2021-01-14 09:15:20 洮羱芝闇: www
2021-01-14 09:15:33 洮羱芝闇: www
2021-01-14 09:15:43 洮羱芝闇: a1
2021-01-14 09:15:53 洮羱芝闇: a1
2021-01-14 09:16:12 洮羱芝闇: a1
2021-01-14 09:16:40 洮羱芝闇: a1a1a1
2021-01-14 09:16:51 洮羱芝闇: a1
2021-01-14 09:17:09 洮羱芝闇: a
2021-01-14 09:17:15 洮羱芝闇: a1
2021-01-14 09:17:20 洮羱芝闇: d
2021-01-14 09:17:28 洮羱芝闇: w
2021-01-14 09:17:32 洮羱芝闇: d
2021-01-14 09:17:41 洮羱芝闇: d
2021-01-14 09:18:11 洮羱芝闇: s
2021-01-14 09:27:56 洮羱芝闇: a1
2021-01-14 09:28:25 洮羱芝闇: a1
2021-01-14 09:28:35 洮羱芝闇: a1a1a1
2021-01-14 09:32:13 小星星_NLT: a
2021-01-14 09:32:26 小星星_NLT: a
2021-01-14 09:32:41 小星星_NLT: s
2021-01-14 09:32:54 小星星_NLT: s
2021-01-14 09:33:05 洮羱芝闇: sss
2021-01-14 09:33:20 小星星_NLT: ssss
2021-01-14 09:34:11 小星星_NLT: sss
2021-01-14 09:45:34 洮羱芝闇: SSS
2021-01-14 09:45:41 洮羱芝闇: sss
2021-01-14 09:45:58 洮羱芝闇: sss
2021-01-14 09:46:17 洮羱芝闇: sss
2021-01-14 09:46:25 洮羱芝闇: aaa
2021-01-14 09:52:41 李还在数星星: w
2021-01-14 09:52:46 李还在数星星: a
2021-01-14 10:00:26 毫不犹豫的选择: 兄弟
2021-01-14 10:00:35 毫不犹豫的选择: 杰杰来了
2021-01-14 10:15:37 下水道乐队: w
2021-01-14 10:15:41 下水道乐队: wwww
2021-01-14 10:15:54 下水道乐队: wwwwwwwwwwwww
2021-01-14 11:23:21 洮羱芝闇: sss
2021-01-14 11:23:30 洮羱芝闇: s
2021-01-14 11:25:34 洮羱芝闇: sss
2021-01-14 11:25:52 洮羱芝闇: www
2021-01-14 11:26:01 洮羱芝闇: aaa
2021-01-14 11:30:47 洮羱芝闇: aaa
2021-01-14 11:31:02 洮羱芝闇: aaa
2021-01-14 11:31:13 洮羱芝闇: aaa
2021-01-14 11:31:25 洮羱芝闇: www
2021-01-14 11:31:36 洮羱芝闇: aaa
2021-01-14 11:31:47 洮羱芝闇: aaa
2021-01-14 11:33:30 黎明之花工作室: aaa
2021-01-14 11:33:48 黎明之花工作室: aaa
2021-01-14 11:34:03 黎明之花工作室: d
2021-01-14 11:34:07 黎明之花工作室: a
2021-01-14 11:34:10 黎明之花工作室: d
2021-01-14 11:34:19 黎明之花工作室: a
2021-01-14 11:34:30 黎明之花工作室: d
2021-01-14 11:34:50 黎明之花工作室: sss
2021-01-14 11:35:10 黎明之花工作室: ss
2021-01-14 11:35:47 黎明之花工作室: s
2021-01-14 11:42:19 快乐人RGF: x
2021-01-14 11:42:42 快乐人RGF: (=・ω・=)
2021-01-14 11:43:00 快乐人RGF: 三连
2021-01-14 11:43:16 快乐人RGF: ddd
2021-01-14 11:43:19 快乐人RGF: d
2021-01-14 11:45:38 快乐人RGF: 三连
2021-01-14 11:45:49 快乐人RGF: （#-_-)┯━┯
2021-01-14 12:20:54 白前辈哟: ssss
2021-01-14 12:21:03 白前辈哟: s
2021-01-14 12:21:16 白前辈哟: wwww
2021-01-14 12:21:21 白前辈哟: w
2021-01-14 12:43:45 洮羱芝闇: aaa
2021-01-14 12:43:55 洮羱芝闇: aaa
2021-01-14 12:44:05 洮羱芝闇: www
2021-01-14 12:44:17 洮羱芝闇: www
2021-01-14 12:44:27 洮羱芝闇: s
2021-01-14 12:44:38 洮羱芝闇: aaa
2021-01-14 12:45:09 洮羱芝闇: aaa
2021-01-14 12:45:19 洮羱芝闇: aaa
2021-01-14 13:43:55 云梦残影: aaa
2021-01-14 13:44:00 云梦残影: www
2021-01-14 13:44:17 云梦残影: aaa
2021-01-14 13:44:26 云梦残影: sss
2021-01-14 13:44:55 云梦残影: a
2021-01-14 13:45:01 云梦残影: d
2021-01-14 13:45:15 云梦残影: d
2021-01-14 13:45:28 云梦残影: sss
2021-01-14 13:45:51 云梦残影: www
2021-01-14 13:46:05 云梦残影: w
2021-01-14 13:46:18 云梦残影: ddd
2021-01-14 13:46:43 云梦残影: ddddd
2021-01-14 13:47:01 云梦残影: ddd
2021-01-14 13:48:36 云梦残影: ddd
2021-01-14 13:48:51 云梦残影: ddd
2021-01-14 13:49:04 云梦残影: ddd
2021-01-14 13:49:16 云梦残影: ddd
2021-01-14 14:13:30 Mind初衷: d
2021-01-14 14:13:38 Mind初衷: a
2021-01-14 14:13:53 Mind初衷: a
2021-01-14 14:14:08 Mind初衷: a
2021-01-14 14:14:27 Mind初衷: wasd
2021-01-14 14:23:05 运动费命: 主播真帅
