C51 COMPILER V9.54   MAIN                                                                  07/22/2021 16:31:20 PAGE 1   


C51 COMPILER V9.54, COMPILATION OF MODULE MAIN
OBJECT MODULE PLACED IN .\Objects\main.obj
COMPILER INVOKED BY: D:\Keil\C51\BIN\C51.EXE main.c OPTIMIZE(8,SPEED) BROWSE DEBUG OBJECTEXTEND PRINT(.\Listings\main.ls
                    -t) TABS(2) OBJECT(.\Objects\main.obj)

line level    source

   1          #include <REGX52.H>
   2          void Delay(unsigned int xms)    //@12.000MHz
   3          {
   4   1        unsigned char i, j;
   5   1        while(xms)
   6   1        {
   7   2          i = 2;
   8   2          j = 239;
   9   2          do
  10   2          {
  11   3            while (--j);
  12   3          } while (--i);
  13   2          xms--;
  14   2        }
  15   1      }
  16          unsigned char LEDNum;
  17          void main(){
  18   1        P2 = 0Xfe;
  19   1        while(1){
  20   2          if(P3_0==0){
  21   3            Delay(20);
  22   3            while(P3_0==0);
  23   3            Delay(20);
  24   3            LEDNum++;
  25   3            if(LEDNum>=8){
  26   4              LEDNum = 0;
  27   4            }
  28   3            P2 = ~(0X01<<LEDNum);
  29   3          }
  30   2          if(P3_1==0){
  31   3            Delay(20);
  32   3            while(P3_1==0);
  33   3            Delay(20);
  34   3            LEDNum--;
  35   3            if(LEDNum==0){
  36   4              LEDNum = 7;
  37   4            }
  38   3            P2 = ~(0X01<<LEDNum);
  39   3          }
  40   2        }
  41   1      }


MODULE INFORMATION:   STATIC OVERLAYABLE
   CODE SIZE        =    103    ----
   CONSTANT SIZE    =   ----    ----
   XDATA SIZE       =   ----    ----
   PDATA SIZE       =   ----    ----
   DATA SIZE        =      1    ----
   IDATA SIZE       =   ----    ----
   BIT SIZE         =   ----    ----
END OF MODULE INFORMATION.


C51 COMPILATION COMPLETE.  0 WARNING(S),  0 ERROR(S)
